{"meta": {"format": 3, "version": "7.13.4", "timestamp": "2026-03-06T10:15:45.220549", "branch_coverage": true, "show_contexts": false}, "files": {"src\\__init__.py": {"executed_lines": [], "summary": {"covered_lines": 0, "num_statements": 0, "percent_covered": 100.0, "percent_covered_display": "100", "missing_lines": 0, "excluded_lines": 0, "percent_statements_covered": 100.0, "percent_statements_covered_display": "100", "num_branches": 0, "num_partial_branches": 0, "covered_branches": 0, "missing_branches": 0, "percent_branches_covered": 100.0, "percent_branches_covered_display": "100"}, "missing_lines": [], "excluded_lines": [], "executed_branches": [], "missing_branches": [], "functions": {"": {"executed_lines": [], "summary": {"covered_lines": 0, "num_statements": 0, "percent_covered": 100.0, "percent_covered_display": "100", "missing_lines": 0, "excluded_lines": 0, "percent_statements_covered": 100.0, "percent_statements_covered_display": "100", "num_branches": 0, "num_partial_branches": 0, "covered_branches": 0, "missing_branches": 0, "percent_branches_covered": 100.0, "percent_branches_covered_display": "100"}, "missing_lines": [], "excluded_lines": [], "start_line": 1, "executed_branches": [], "missing_branches": []}}, "classes": {"": {"executed_lines": [], "summary": {"covered_lines": 0, "num_statements": 0, "percent_covered": 100.0, "percent_covered_display": "100", "missing_lines": 0, "excluded_lines": 0, "percent_statements_covered": 100.0, "percent_statements_covered_display": "100", "num_branches": 0, "num_partial_branches": 0, "covered_branches": 0, "missing_branches": 0, "percent_branches_covered": 100.0, "percent_branches_covered_display": "100"}, "missing_lines": [], "excluded_lines": [], "start_line": 1, "executed_branches": [], "missing_branches": []}}}, "src\\api_main.py": {"executed_lines": [2, 4, 5, 6, 7, 8, 9, 11, 12, 13, 14, 15, 17, 18, 19, 20, 23, 24, 26, 28, 30, 33, 34, 41, 42, 44, 45, 47, 51, 54, 62, 63, 64, 65, 66, 68, 69, 71, 78, 80, 83, 94, 95, 98, 99, 103, 104, 119, 120, 121, 122, 123, 126, 127, 128, 129, 130, 133, 134, 141, 148, 149, 151, 152, 153, 154, 155, 159, 160, 161, 162, 163, 164, 166, 167, 168, 173, 174, 185, 189, 194, 195, 196, 203, 212], "summary": {"covered_lines": 85, "num_statements": 116, "percent_covered": 70.76923076923077, "percent_covered_display": "71", "missing_lines": 31, "excluded_lines": 0, "percent_statements_covered": 73.27586206896552, "percent_statements_covered_display": "73", "num_branches": 14, "num_partial_branches": 5, "covered_branches": 7, "missing_branches": 7, "percent_branches_covered": 50.0, "percent_branches_covered_display": "50"}, "missing_lines": [48, 49, 72, 74, 75, 76, 100, 105, 106, 107, 108, 115, 116, 135, 136, 137, 138, 156, 170, 171, 176, 177, 178, 179, 181, 204, 205, 207, 208, 209, 210], "excluded_lines": [], "executed_branches": [[151, 152], [155, 159], [160, 161], [160, 164], [162, 163], [166, 167], [203, 212]], "missing_branches": [[106, 107], [106, 115], [151, 181], [155, 156], [162, 160], [166, 170], [203, 204]], "functions": {"lifespan": {"executed_lines": [41, 42, 44, 45, 47, 51], "summary": {"covered_lines": 6, "num_statements": 8, "percent_covered": 75.0, "percent_covered_display": "75", "missing_lines": 2, "excluded_lines": 0, "percent_statements_covered": 75.0, "percent_statements_covered_display": "75", "num_branches": 0, "num_partial_branches": 0, "covered_branches": 0, "missing_branches": 0, "percent_branches_covered": 100.0, "percent_branches_covered_display": "100"}, "missing_lines": [48, 49], "excluded_lines": [], "start_line": 34, "executed_branches": [], "missing_branches": []}, "request_context_and_access_log": {"executed_lines": [64, 65, 66, 68, 69, 71, 78, 80, 83, 94, 95], "summary": {"covered_lines": 11, "num_statements": 15, "percent_covered": 73.33333333333333, "percent_covered_display": "73", "missing_lines": 4, "excluded_lines": 0, "percent_statements_covered": 73.33333333333333, "percent_statements_covered_display": "73", "num_branches": 0, "num_partial_branches": 0, "covered_branches": 0, "missing_branches": 0, "percent_branches_covered": 100.0, "percent_branches_covered_display": "100"}, "missing_lines": [72, 74, 75, 76], "excluded_lines": [], "start_line": 63, "executed_branches": [], "missing_branches": []}, "healthz": {"executed_lines": [], "summary": {"covered_lines": 0, "num_statements": 1, "percent_covered": 0.0, "percent_covered_display": "0", "missing_lines": 1, "excluded_lines": 0, "percent_statements_covered": 0.0, "percent_statements_covered_display": "0", "num_branches": 0, "num_partial_branches": 0, "covered_branches": 0, "missing_branches": 0, "percent_branches_covered": 100.0, "percent_branches_covered_display": "100"}, "missing_lines": [100], "excluded_lines": [], "start_line": 99, "executed_branches": [], "missing_branches": []}, "debug_routes": {"executed_lines": [], "summary": {"covered_lines": 0, "num_statements": 6, "percent_covered": 0.0, "percent_covered_display": "0", "missing_lines": 6, "excluded_lines": 0, "percent_statements_covered": 0.0, "percent_statements_covered_display": "0", "num_branches": 2, "num_partial_branches": 0, "covered_branches": 0, "missing_branches": 2, "percent_branches_covered": 0.0, "percent_branches_covered_display": "0"}, "missing_lines": [105, 106, 107, 108, 115, 116], "excluded_lines": [], "start_line": 104, "executed_branches": [], "missing_branches": [[106, 107], [106, 115]]}, "_validation_exception_handler": {"executed_lines": [121, 122, 123], "summary": {"covered_lines": 3, "num_statements": 3, "percent_covered": 100.0, "percent_covered_display": "100", "missing_lines": 0, "excluded_lines": 0, "percent_statements_covered": 100.0, "percent_statements_covered_display": "100", "num_branches": 0, "num_partial_branches": 0, "covered_branches": 0, "missing_branches": 0, "percent_branches_covered": 100.0, "percent_branches_covered_display": "100"}, "missing_lines": [], "excluded_lines": [], "start_line": 120, "executed_branches": [], "missing_branches": []}, "_http_exception_handler": {"executed_lines": [128, 129, 130], "summary": {"covered_lines": 3, "num_statements": 3, "percent_covered": 100.0, "percent_covered_display": "100", "missing_lines": 0, "excluded_lines": 0, "percent_statements_covered": 100.0, "percent_statements_covered_display": "100", "num_branches": 0, "num_partial_branches": 0, "covered_branches": 0, "missing_branches": 0, "percent_branches_covered": 100.0, "percent_branches_covered_display": "100"}, "missing_lines": [], "excluded_lines": [], "start_line": 127, "executed_branches": [], "missing_branches": []}, "_unhandled_exception_handler": {"executed_lines": [], "summary": {"covered_lines": 0, "num_statements": 4, "percent_covered": 0.0, "percent_covered_display": "0", "missing_lines": 4, "excluded_lines": 0, "percent_statements_covered": 0.0, "percent_statements_covered_display": "0", "num_branches": 0, "num_partial_branches": 0, "covered_branches": 0, "missing_branches": 0, "percent_branches_covered": 100.0, "percent_branches_covered_display": "100"}, "missing_lines": [135, 136, 137, 138], "excluded_lines": [], "start_line": 134, "executed_branches": [], "missing_branches": []}, "_mount_api_v2": {"executed_lines": [148, 149, 151, 152, 153, 154, 155, 159, 160, 161, 162, 163, 164, 166, 167, 168, 173, 174], "summary": {"covered_lines": 18, "num_statements": 26, "percent_covered": 66.66666666666667, "percent_covered_display": "67", "missing_lines": 8, "excluded_lines": 0, "percent_statements_covered": 69.23076923076923, "percent_statements_covered_display": "69", "num_branches": 10, "num_partial_branches": 4, "covered_branches": 6, "missing_branches": 4, "percent_branches_covered": 60.0, "percent_branches_covered_display": "60"}, "missing_lines": [156, 170, 171, 176, 177, 178, 179, 181], "excluded_lines": [], "start_line": 141, "executed_branches": [[151, 152], [155, 159], [160, 161], [160, 164], [162, 163], [166, 167]], "missing_branches": [[151, 181], [155, 156], [162, 160], [166, 170]]}, "api_v2_fallback": {"executed_lines": [195, 196], "summary": {"covered_lines": 2, "num_statements": 2, "percent_covered": 100.0, "percent_covered_display": "100", "missing_lines": 0, "excluded_lines": 0, "percent_statements_covered": 100.0, "percent_statements_covered_display": "100", "num_branches": 0, "num_partial_branches": 0, "covered_branches": 0, "missing_branches": 0, "percent_branches_covered": 100.0, "percent_branches_covered_display": "100"}, "missing_lines": [], "excluded_lines": [], "start_line": 194, "executed_branches": [], "missing_branches": []}, "": {"executed_lines": [2, 4, 5, 6, 7, 8, 9, 11, 12, 13, 14, 15, 17, 18, 19, 20, 23, 24, 26, 28, 30, 33, 34, 54, 62, 63, 98, 99, 103, 104, 119, 120, 126, 127, 133, 134, 141, 185, 189, 194, 203, 212], "summary": {"covered_lines": 42, "num_statements": 48, "percent_covered": 86.0, "percent_covered_display": "86", "missing_lines": 6, "excluded_lines": 0, "percent_statements_covered": 87.5, "percent_statements_covered_display": "88", "num_branches": 2, "num_partial_branches": 1, "covered_branches": 1, "missing_branches": 1, "percent_branches_covered": 50.0, "percent_branches_covered_display": "50"}, "missing_lines": [204, 205, 207, 208, 209, 210], "excluded_lines": [], "start_line": 1, "executed_branches": [[203, 212]], "missing_branches": [[203, 204]]}}, "classes": {"": {"executed_lines": [2, 4, 5, 6, 7, 8, 9, 11, 12, 13, 14, 15, 17, 18, 19, 20, 23, 24, 26, 28, 30, 33, 34, 41, 42, 44, 45, 47, 51, 54, 62, 63, 64, 65, 66, 68, 69, 71, 78, 80, 83, 94, 95, 98, 99, 103, 104, 119, 120, 121, 122, 123, 126, 127, 128, 129, 130, 133, 134, 141, 148, 149, 151, 152, 153, 154, 155, 159, 160, 161, 162, 163, 164, 166, 167, 168, 173, 174, 185, 189, 194, 195, 196, 203, 212], "summary": {"covered_lines": 85, "num_statements": 116, "percent_covered": 70.76923076923077, "percent_covered_display": "71", "missing_lines": 31, "excluded_lines": 0, "percent_statements_covered": 73.27586206896552, "percent_statements_covered_display": "73", "num_branches": 14, "num_partial_branches": 5, "covered_branches": 7, "missing_branches": 7, "percent_branches_covered": 50.0, "percent_branches_covered_display": "50"}, "missing_lines": [48, 49, 72, 74, 75, 76, 100, 105, 106, 107, 108, 115, 116, 135, 136, 137, 138, 156, 170, 171, 176, 177, 178, 179, 181, 204, 205, 207, 208, 209, 210], "excluded_lines": [], "start_line": 1, "executed_branches": [[151, 152], [155, 159], [160, 161], [160, 164], [162, 163], [166, 167], [203, 212]], "missing_branches": [[106, 107], [106, 115], [151, 181], [155, 156], [162, 160], [166, 170], [203, 204]]}}}, "src\\api_v2.py": {"executed_lines": [2, 4, 5, 6, 7, 8, 9, 10, 11, 12, 14, 15, 16, 18, 19, 20, 22, 23, 25, 26, 27, 34, 35, 38, 39, 44, 45, 48, 49, 52, 59, 74, 75, 79, 80, 81, 82, 83, 86, 87, 88, 89, 90, 92, 99, 106, 107, 108, 109, 155, 159, 161, 164, 167, 168, 171, 172, 173, 174, 175, 178, 179, 180, 190, 191, 194, 195, 196, 197, 198, 199, 206, 207, 209, 210, 215, 218, 219, 220, 221, 222, 223, 224, 227, 228, 229, 230, 231, 233, 235, 241, 248, 255, 256, 257, 259, 260, 263, 276, 277, 278, 287, 314, 319, 320, 322, 327, 330, 337, 338, 339, 340, 341, 342, 343, 344, 345, 346, 347, 348, 351, 352, 353, 355, 356, 359, 360, 361, 362, 363, 364, 365, 366, 367, 368, 369, 370, 373, 374, 375, 376, 379, 380, 381, 382, 383, 384, 385, 386, 389, 390, 391, 394, 395, 396, 397, 398, 399, 400, 401, 402, 403, 404, 405, 406, 407, 408, 409, 412, 413, 414, 416, 417, 420, 421, 422, 423, 426, 427, 428, 429, 430, 431, 432, 433, 436, 437, 438, 439, 446, 447, 448, 451, 452, 453, 454, 455, 456, 457, 458, 482, 483, 525, 526, 591, 592, 615, 616, 617, 618, 620, 622, 623, 624, 626, 627, 628, 630, 631, 634, 635, 638, 639, 642, 654, 655, 656, 657, 658, 660, 663, 664, 669, 670, 672, 673, 675, 676, 705, 707, 708, 709, 710, 712, 713, 715, 716, 718, 751, 753, 754, 755, 756, 757, 758, 763, 766, 767, 770, 771, 772, 773, 775, 777, 778, 779, 781, 782, 785, 786, 789, 790, 793, 794, 797, 798, 803, 806, 807, 812, 813, 814, 815, 816, 820, 821, 823, 854, 855, 856, 858, 859, 860, 861, 862, 868, 872, 873, 878, 879, 882, 883, 886, 911, 913, 915, 917, 921, 922, 923, 924, 926, 927, 928, 929, 931, 932, 933, 937, 938, 940, 941, 943, 944, 945, 946, 948, 949, 955, 956, 959, 960, 961, 962, 963, 977, 996, 997, 998, 999, 1000, 1001, 1003, 1007, 1008, 1010, 1011, 1012, 1013, 1041, 1043, 1044, 1045, 1046, 1047, 1048, 1053, 1056, 1057, 1060, 1061, 1062, 1064, 1065, 1066, 1067, 1068, 1074, 1078, 1079, 1080, 1082, 1083, 1084, 1087, 1088, 1091, 1092, 1094, 1095, 1098, 1100, 1103, 1104, 1106, 1107, 1109, 1143, 1145, 1146, 1147, 1154], "summary": {"covered_lines": 392, "num_statements": 662, "percent_covered": 54.81927710843374, "percent_covered_display": "55", "missing_lines": 270, "excluded_lines": 0, "percent_statements_covered": 59.21450151057402, "percent_statements_covered_display": "59", "num_branches": 168, "num_partial_branches": 47, "covered_branches": 63, "missing_branches": 105, "percent_branches_covered": 37.5, "percent_branches_covered_display": "38"}, "missing_lines": [53, 54, 55, 56, 60, 61, 65, 67, 71, 76, 91, 111, 112, 114, 115, 117, 118, 119, 120, 121, 122, 124, 125, 126, 127, 128, 129, 131, 132, 142, 143, 144, 162, 165, 200, 201, 202, 203, 208, 211, 212, 213, 214, 236, 237, 238, 239, 242, 243, 244, 245, 246, 249, 250, 251, 252, 253, 258, 262, 264, 265, 266, 267, 268, 269, 289, 291, 292, 296, 298, 299, 309, 311, 323, 324, 325, 328, 484, 485, 486, 488, 489, 490, 491, 500, 501, 502, 503, 505, 506, 507, 508, 510, 522, 532, 533, 534, 536, 537, 538, 540, 541, 543, 553, 554, 555, 556, 558, 559, 560, 561, 563, 564, 565, 566, 567, 568, 569, 570, 571, 572, 576, 588, 593, 594, 595, 596, 597, 598, 599, 600, 601, 603, 604, 605, 606, 608, 609, 611, 612, 632, 636, 640, 661, 665, 666, 667, 728, 729, 731, 732, 733, 734, 735, 736, 738, 739, 740, 741, 742, 744, 745, 747, 748, 759, 760, 761, 764, 783, 787, 791, 795, 799, 800, 801, 804, 808, 809, 810, 817, 818, 863, 864, 865, 866, 869, 870, 874, 875, 887, 888, 889, 890, 891, 893, 894, 895, 896, 898, 912, 914, 916, 918, 934, 935, 947, 950, 957, 958, 967, 968, 972, 973, 974, 975, 1004, 1005, 1014, 1015, 1017, 1018, 1019, 1020, 1021, 1022, 1023, 1024, 1025, 1029, 1030, 1035, 1036, 1038, 1039, 1049, 1050, 1051, 1054, 1069, 1070, 1071, 1072, 1075, 1076, 1085, 1089, 1096, 1101, 1114, 1115, 1116, 1117, 1118, 1119, 1120, 1124, 1125, 1126, 1127, 1128, 1129, 1130, 1131, 1132, 1137, 1138, 1140, 1141, 1148, 1149], "excluded_lines": [], "executed_branches": [[75, -74], [80, 81], [80, 82], [88, 89], [88, 90], [90, 92], [106, 107], [161, 164], [164, 167], [167, -155], [167, 168], [198, 199], [207, 209], [210, 215], [255, 256], [257, 259], [259, 260], [277, 278], [322, 327], [327, 330], [455, 456], [627, 628], [627, 630], [631, 634], [635, 638], [639, 642], [660, 663], [763, 766], [782, 785], [786, 789], [790, 793], [794, 797], [803, 806], [868, 872], [873, 878], [878, 879], [878, 882], [882, 883], [882, 886], [886, 911], [911, 913], [913, 915], [915, 917], [917, 921], [926, 927], [926, 977], [933, 937], [944, 945], [946, 948], [948, 949], [949, 955], [998, 999], [998, 1003], [999, 1000], [1003, 1007], [1053, 1056], [1074, 1078], [1083, 1084], [1084, 1087], [1088, 1091], [1095, 1098], [1100, 1103], [1145, 1146]], "missing_branches": [[53, 54], [53, 55], [60, 61], [60, 67], [75, 76], [90, 91], [106, 111], [117, 118], [117, 119], [119, 120], [119, 121], [121, 122], [121, 124], [124, 125], [124, 126], [126, 127], [126, 128], [128, 129], [128, 131], [161, 162], [164, 165], [198, 200], [207, 208], [210, 211], [212, 213], [212, 214], [255, -227], [257, 258], [259, 262], [265, 266], [265, 269], [266, 267], [266, 268], [277, 289], [291, 292], [291, 298], [298, 299], [298, 311], [322, 323], [327, 328], [455, 458], [485, 486], [485, 488], [533, 534], [533, 536], [564, 565], [564, 588], [567, 568], [567, 576], [608, 609], [608, 611], [631, 632], [635, 636], [639, 640], [660, 661], [732, 733], [732, 738], [739, 740], [739, 744], [744, 745], [744, 747], [763, 764], [782, 783], [786, 787], [790, 791], [794, 795], [803, 804], [868, 869], [873, 874], [886, 887], [893, 894], [893, 895], [895, 896], [895, 898], [911, 912], [913, 914], [915, 916], [917, 918], [933, 934], [944, 977], [946, 947], [948, 977], [949, 950], [999, 998], [1003, 1004], [1017, 1018], [1017, 1035], [1020, 1021], [1020, 1025], [1035, 1036], [1035, 1038], [1053, 1054], [1074, 1075], [1083, 1106], [1084, 1085], [1088, 1089], [1095, 1096], [1100, 1101], [1115, 1116], [1115, 1124], [1127, 1128], [1127, 1137], [1137, 1138], [1137, 1140], [1145, 1154]], "functions": {"_request_id": {"executed_lines": [35], "summary": {"covered_lines": 1, "num_statements": 1, "percent_covered": 100.0, "percent_covered_display": "100", "missing_lines": 0, "excluded_lines": 0, "percent_statements_covered": 100.0, "percent_statements_covered_display": "100", "num_branches": 0, "num_partial_branches": 0, "covered_branches": 0, "missing_branches": 0, "percent_branches_covered": 100.0, "percent_branches_covered_display": "100"}, "missing_lines": [], "excluded_lines": [], "start_line": 34, "executed_branches": [], "missing_branches": []}, "_detail": {"executed_lines": [39, 44, 45], "summary": {"covered_lines": 3, "num_statements": 3, "percent_covered": 100.0, "percent_covered_display": "100", "missing_lines": 0, "excluded_lines": 0, "percent_statements_covered": 100.0, "percent_statements_covered_display": "100", "num_branches": 0, "num_partial_branches": 0, "covered_branches": 0, "missing_branches": 0, "percent_branches_covered": 100.0, "percent_branches_covered_display": "100"}, "missing_lines": [], "excluded_lines": [], "start_line": 38, "executed_branches": [], "missing_branches": []}, "_raise": {"executed_lines": [49], "summary": {"covered_lines": 1, "num_statements": 1, "percent_covered": 100.0, "percent_covered_display": "100", "missing_lines": 0, "excluded_lines": 0, "percent_statements_covered": 100.0, "percent_statements_covered_display": "100", "num_branches": 0, "num_partial_branches": 0, "covered_branches": 0, "missing_branches": 0, "percent_branches_covered": 100.0, "percent_branches_covered_display": "100"}, "missing_lines": [], "excluded_lines": [], "start_line": 48, "executed_branches": [], "missing_branches": []}, "_is_db_locked": {"executed_lines": [], "summary": {"covered_lines": 0, "num_statements": 4, "percent_covered": 0.0, "percent_covered_display": "0", "missing_lines": 4, "excluded_lines": 0, "percent_statements_covered": 0.0, "percent_statements_covered_display": "0", "num_branches": 2, "num_partial_branches": 0, "covered_branches": 0, "missing_branches": 2, "percent_branches_covered": 0.0, "percent_branches_covered_display": "0"}, "missing_lines": [53, 54, 55, 56], "excluded_lines": [], "start_line": 52, "executed_branches": [], "missing_branches": [[53, 54], [53, 55]]}, "_handle_db_exc": {"executed_lines": [], "summary": {"covered_lines": 0, "num_statements": 5, "percent_covered": 0.0, "percent_covered_display": "0", "missing_lines": 5, "excluded_lines": 0, "percent_statements_covered": 0.0, "percent_statements_covered_display": "0", "num_branches": 2, "num_partial_branches": 0, "covered_branches": 0, "missing_branches": 2, "percent_branches_covered": 0.0, "percent_branches_covered_display": "0"}, "missing_lines": [60, 61, 65, 67, 71], "excluded_lines": [], "start_line": 59, "executed_branches": [], "missing_branches": [[60, 61], [60, 67]]}, "_require_valid_user": {"executed_lines": [75], "summary": {"covered_lines": 1, "num_statements": 2, "percent_covered": 50.0, "percent_covered_display": "50", "missing_lines": 1, "excluded_lines": 0, "percent_statements_covered": 50.0, "percent_statements_covered_display": "50", "num_branches": 2, "num_partial_branches": 1, "covered_branches": 1, "missing_branches": 1, "percent_branches_covered": 50.0, "percent_branches_covered_display": "50"}, "missing_lines": [76], "excluded_lines": [], "start_line": 74, "executed_branches": [[75, -74]], "missing_branches": [[75, 76]]}, "_normalize_context": {"executed_lines": [80, 81, 82, 83], "summary": {"covered_lines": 4, "num_statements": 4, "percent_covered": 100.0, "percent_covered_display": "100", "missing_lines": 0, "excluded_lines": 0, "percent_statements_covered": 100.0, "percent_statements_covered_display": "100", "num_branches": 2, "num_partial_branches": 0, "covered_branches": 2, "missing_branches": 0, "percent_branches_covered": 100.0, "percent_branches_covered_display": "100"}, "missing_lines": [], "excluded_lines": [], "start_line": 79, "executed_branches": [[80, 81], [80, 82]], "missing_branches": []}, "_validate_context": {"executed_lines": [87, 88, 89, 90, 92], "summary": {"covered_lines": 5, "num_statements": 6, "percent_covered": 80.0, "percent_covered_display": "80", "missing_lines": 1, "excluded_lines": 0, "percent_statements_covered": 83.33333333333333, "percent_statements_covered_display": "83", "num_branches": 4, "num_partial_branches": 1, "covered_branches": 3, "missing_branches": 1, "percent_branches_covered": 75.0, "percent_branches_covered_display": "75"}, "missing_lines": [91], "excluded_lines": [], "start_line": 86, "executed_branches": [[88, 89], [88, 90], [90, 92]], "missing_branches": [[90, 91]]}, "init_ontology": {"executed_lines": [106, 107, 108, 109], "summary": {"covered_lines": 4, "num_statements": 25, "percent_covered": 12.820512820512821, "percent_covered_display": "13", "missing_lines": 21, "excluded_lines": 0, "percent_statements_covered": 16.0, "percent_statements_covered_display": "16", "num_branches": 14, "num_partial_branches": 1, "covered_branches": 1, "missing_branches": 13, "percent_branches_covered": 7.142857142857143, "percent_branches_covered_display": "7"}, "missing_lines": [111, 112, 114, 115, 117, 118, 119, 120, 121, 122, 124, 125, 126, 127, 128, 129, 131, 132, 142, 143, 144], "excluded_lines": [], "start_line": 99, "executed_branches": [[106, 107]], "missing_branches": [[106, 111], [117, 118], [117, 119], [119, 120], [119, 121], [121, 122], [121, 124], [124, 125], [124, 126], [126, 127], [126, 128], [128, 129], [128, 131]]}, "require_api_key": {"executed_lines": [159, 161, 164, 167, 168], "summary": {"covered_lines": 5, "num_statements": 7, "percent_covered": 69.23076923076923, "percent_covered_display": "69", "missing_lines": 2, "excluded_lines": 0, "percent_statements_covered": 71.42857142857143, "percent_statements_covered_display": "71", "num_branches": 6, "num_partial_branches": 2, "covered_branches": 4, "missing_branches": 2, "percent_branches_covered": 66.66666666666667, "percent_branches_covered_display": "67"}, "missing_lines": [162, 165], "excluded_lines": [], "start_line": 155, "executed_branches": [[161, 164], [164, 167], [167, -155], [167, 168]], "missing_branches": [[161, 162], [164, 165]]}, "db_conn": {"executed_lines": [172, 173, 174, 175], "summary": {"covered_lines": 4, "num_statements": 4, "percent_covered": 100.0, "percent_covered_display": "100", "missing_lines": 0, "excluded_lines": 0, "percent_statements_covered": 100.0, "percent_statements_covered_display": "100", "num_branches": 0, "num_partial_branches": 0, "covered_branches": 0, "missing_branches": 0, "percent_branches_covered": 100.0, "percent_branches_covered_display": "100"}, "missing_lines": [], "excluded_lines": [], "start_line": 171, "executed_branches": [], "missing_branches": []}, "_slugify": {"executed_lines": [179, 180, 190, 191], "summary": {"covered_lines": 4, "num_statements": 4, "percent_covered": 100.0, "percent_covered_display": "100", "missing_lines": 0, "excluded_lines": 0, "percent_statements_covered": 100.0, "percent_statements_covered_display": "100", "num_branches": 0, "num_partial_branches": 0, "covered_branches": 0, "missing_branches": 0, "percent_branches_covered": 100.0, "percent_branches_covered_display": "100"}, "missing_lines": [], "excluded_lines": [], "start_line": 178, "executed_branches": [], "missing_branches": []}, "_safe_under": {"executed_lines": [195, 196, 197, 198, 199], "summary": {"covered_lines": 5, "num_statements": 9, "percent_covered": 54.54545454545455, "percent_covered_display": "55", "missing_lines": 4, "excluded_lines": 0, "percent_statements_covered": 55.55555555555556, "percent_statements_covered_display": "56", "num_branches": 2, "num_partial_branches": 1, "covered_branches": 1, "missing_branches": 1, "percent_branches_covered": 50.0, "percent_branches_covered_display": "50"}, "missing_lines": [200, 201, 202, 203], "excluded_lines": [], "start_line": 194, "executed_branches": [[198, 199]], "missing_branches": [[198, 200]]}, "_decode_image_base64": {"executed_lines": [207, 209, 210, 215], "summary": {"covered_lines": 4, "num_statements": 9, "percent_covered": 40.0, "percent_covered_display": "40", "missing_lines": 5, "excluded_lines": 0, "percent_statements_covered": 44.44444444444444, "percent_statements_covered_display": "44", "num_branches": 6, "num_partial_branches": 2, "covered_branches": 2, "missing_branches": 4, "percent_branches_covered": 33.333333333333336, "percent_branches_covered_display": "33"}, "missing_lines": [208, 211, 212, 213, 214], "excluded_lines": [], "start_line": 206, "executed_branches": [[207, 209], [210, 215]], "missing_branches": [[207, 208], [210, 211], [212, 213], [212, 214]]}, "_normalize_image_to_jpg": {"executed_lines": [219, 220, 221, 222, 223, 224], "summary": {"covered_lines": 6, "num_statements": 6, "percent_covered": 100.0, "percent_covered_display": "100", "missing_lines": 0, "excluded_lines": 0, "percent_statements_covered": 100.0, "percent_statements_covered_display": "100", "num_branches": 0, "num_partial_branches": 0, "covered_branches": 0, "missing_branches": 0, "percent_branches_covered": 100.0, "percent_branches_covered_display": "100"}, "missing_lines": [], "excluded_lines": [], "start_line": 218, "executed_branches": [], "missing_branches": []}, "_rmtree_robust": {"executed_lines": [228, 229, 230, 231, 233, 235, 241, 248, 255, 256, 257, 259, 260, 263], "summary": {"covered_lines": 14, "num_statements": 22, "percent_covered": 53.125, "percent_covered_display": "53", "missing_lines": 8, "excluded_lines": 0, "percent_statements_covered": 63.63636363636363, "percent_statements_covered_display": "64", "num_branches": 10, "num_partial_branches": 3, "covered_branches": 3, "missing_branches": 7, "percent_branches_covered": 30.0, "percent_branches_covered_display": "30"}, "missing_lines": [258, 262, 264, 265, 266, 267, 268, 269], "excluded_lines": [], "start_line": 227, "executed_branches": [[255, 256], [257, 259], [259, 260]], "missing_branches": [[255, -227], [257, 258], [259, 262], [265, 266], [265, 269], [266, 267], [266, 268]]}, "_rmtree_robust._make_writable": {"executed_lines": [], "summary": {"covered_lines": 0, "num_statements": 4, "percent_covered": 0.0, "percent_covered_display": "0", "missing_lines": 4, "excluded_lines": 0, "percent_statements_covered": 0.0, "percent_statements_covered_display": "0", "num_branches": 0, "num_partial_branches": 0, "covered_branches": 0, "missing_branches": 0, "percent_branches_covered": 100.0, "percent_branches_covered_display": "100"}, "missing_lines": [236, 237, 238, 239], "excluded_lines": [], "start_line": 235, "executed_branches": [], "missing_branches": []}, "_rmtree_robust._onerror": {"executed_lines": [], "summary": {"covered_lines": 0, "num_statements": 5, "percent_covered": 0.0, "percent_covered_display": "0", "missing_lines": 5, "excluded_lines": 0, "percent_statements_covered": 0.0, "percent_statements_covered_display": "0", "num_branches": 0, "num_partial_branches": 0, "covered_branches": 0, "missing_branches": 0, "percent_branches_covered": 100.0, "percent_branches_covered_display": "100"}, "missing_lines": [242, 243, 244, 245, 246], "excluded_lines": [], "start_line": 241, "executed_branches": [], "missing_branches": []}, "_rmtree_robust._onexc": {"executed_lines": [], "summary": {"covered_lines": 0, "num_statements": 5, "percent_covered": 0.0, "percent_covered_display": "0", "missing_lines": 5, "excluded_lines": 0, "percent_statements_covered": 0.0, "percent_statements_covered_display": "0", "num_branches": 0, "num_partial_branches": 0, "covered_branches": 0, "missing_branches": 0, "percent_branches_covered": 100.0, "percent_branches_covered_display": "100"}, "missing_lines": [249, 250, 251, 252, 253], "excluded_lines": [], "start_line": 248, "executed_branches": [], "missing_branches": []}, "_ontology_apply": {"executed_lines": [277, 278, 287], "summary": {"covered_lines": 3, "num_statements": 11, "percent_covered": 23.529411764705884, "percent_covered_display": "24", "missing_lines": 8, "excluded_lines": 0, "percent_statements_covered": 27.272727272727273, "percent_statements_covered_display": "27", "num_branches": 6, "num_partial_branches": 1, "covered_branches": 1, "missing_branches": 5, "percent_branches_covered": 16.666666666666668, "percent_branches_covered_display": "17"}, "missing_lines": [289, 291, 292, 296, 298, 299, 309, 311], "excluded_lines": [], "start_line": 276, "executed_branches": [[277, 278]], "missing_branches": [[277, 289], [291, 292], [291, 298], [298, 299], [298, 311]]}, "_derive_color_variant_and_review": {"executed_lines": [319, 320, 322, 327, 330], "summary": {"covered_lines": 5, "num_statements": 9, "percent_covered": 53.84615384615385, "percent_covered_display": "54", "missing_lines": 4, "excluded_lines": 0, "percent_statements_covered": 55.55555555555556, "percent_statements_covered_display": "56", "num_branches": 4, "num_partial_branches": 2, "covered_branches": 2, "missing_branches": 2, "percent_branches_covered": 50.0, "percent_branches_covered_display": "50"}, "missing_lines": [323, 324, 325, 328], "excluded_lines": [], "start_line": 314, "executed_branches": [[322, 327], [327, 330]], "missing_branches": [[322, 323], [327, 328]]}, "health": {"executed_lines": [448], "summary": {"covered_lines": 1, "num_statements": 1, "percent_covered": 100.0, "percent_covered_display": "100", "missing_lines": 0, "excluded_lines": 0, "percent_statements_covered": 100.0, "percent_statements_covered_display": "100", "num_branches": 0, "num_partial_branches": 0, "covered_branches": 0, "missing_branches": 0, "percent_branches_covered": 100.0, "percent_branches_covered_display": "100"}, "missing_lines": [], "excluded_lines": [], "start_line": 447, "executed_branches": [], "missing_branches": []}, "_row_to_item": {"executed_lines": [452, 453, 454, 455, 456, 457, 458], "summary": {"covered_lines": 7, "num_statements": 7, "percent_covered": 88.88888888888889, "percent_covered_display": "89", "missing_lines": 0, "excluded_lines": 0, "percent_statements_covered": 100.0, "percent_statements_covered_display": "100", "num_branches": 2, "num_partial_branches": 1, "covered_branches": 1, "missing_branches": 1, "percent_branches_covered": 50.0, "percent_branches_covered_display": "50"}, "missing_lines": [], "excluded_lines": [], "start_line": 451, "executed_branches": [[455, 456]], "missing_branches": [[455, 458]]}, "list_items": {"executed_lines": [], "summary": {"covered_lines": 0, "num_statements": 17, "percent_covered": 0.0, "percent_covered_display": "0", "missing_lines": 17, "excluded_lines": 0, "percent_statements_covered": 0.0, "percent_statements_covered_display": "0", "num_branches": 2, "num_partial_branches": 0, "covered_branches": 0, "missing_branches": 2, "percent_branches_covered": 0.0, "percent_branches_covered_display": "0"}, "missing_lines": [484, 485, 486, 488, 489, 490, 491, 500, 501, 502, 503, 505, 506, 507, 508, 510, 522], "excluded_lines": [], "start_line": 483, "executed_branches": [], "missing_branches": [[485, 486], [485, 488]]}, "review_queue": {"executed_lines": [], "summary": {"covered_lines": 0, "num_statements": 29, "percent_covered": 0.0, "percent_covered_display": "0", "missing_lines": 29, "excluded_lines": 0, "percent_statements_covered": 0.0, "percent_statements_covered_display": "0", "num_branches": 6, "num_partial_branches": 0, "covered_branches": 0, "missing_branches": 6, "percent_branches_covered": 0.0, "percent_branches_covered_display": "0"}, "missing_lines": [532, 533, 534, 536, 537, 538, 540, 541, 543, 553, 554, 555, 556, 558, 559, 560, 561, 563, 564, 565, 566, 567, 568, 569, 570, 571, 572, 576, 588], "excluded_lines": [], "start_line": 526, "executed_branches": [], "missing_branches": [[533, 534], [533, 536], [564, 565], [564, 588], [567, 568], [567, 576]]}, "get_item": {"executed_lines": [], "summary": {"covered_lines": 0, "num_statements": 17, "percent_covered": 0.0, "percent_covered_display": "0", "missing_lines": 17, "excluded_lines": 0, "percent_statements_covered": 0.0, "percent_statements_covered_display": "0", "num_branches": 2, "num_partial_branches": 0, "covered_branches": 0, "missing_branches": 2, "percent_branches_covered": 0.0, "percent_branches_covered_display": "0"}, "missing_lines": [593, 594, 595, 596, 597, 598, 599, 600, 601, 603, 604, 605, 606, 608, 609, 611, 612], "excluded_lines": [], "start_line": 592, "executed_branches": [], "missing_branches": [[608, 609], [608, 611]]}, "create_item": {"executed_lines": [617, 618, 620, 622, 623, 624, 626, 627, 628, 630, 631, 634, 635, 638, 639, 642, 654, 655, 656, 657, 658, 660, 663, 664, 669, 670, 672, 673, 675, 676, 705, 707, 708, 709, 710, 712, 713, 715, 716, 718, 751, 753, 754, 755, 756, 757, 758, 763, 766, 767], "summary": {"covered_lines": 50, "num_statements": 78, "percent_covered": 59.375, "percent_covered_display": "59", "missing_lines": 28, "excluded_lines": 0, "percent_statements_covered": 64.1025641025641, "percent_statements_covered_display": "64", "num_branches": 18, "num_partial_branches": 5, "covered_branches": 7, "missing_branches": 11, "percent_branches_covered": 38.888888888888886, "percent_branches_covered_display": "39"}, "missing_lines": [632, 636, 640, 661, 665, 666, 667, 728, 729, 731, 732, 733, 734, 735, 736, 738, 739, 740, 741, 742, 744, 745, 747, 748, 759, 760, 761, 764], "excluded_lines": [], "start_line": 616, "executed_branches": [[627, 628], [627, 630], [631, 634], [635, 638], [639, 642], [660, 663], [763, 766]], "missing_branches": [[631, 632], [635, 636], [639, 640], [660, 661], [732, 733], [732, 738], [739, 740], [739, 744], [744, 745], [744, 747], [763, 764]]}, "validate_item": {"executed_lines": [772, 773, 775, 777, 778, 779, 781, 782, 785, 786, 789, 790, 793, 794, 797, 798, 803, 806, 807, 812, 813, 814, 815, 816, 820, 821, 823], "summary": {"covered_lines": 27, "num_statements": 40, "percent_covered": 64.0, "percent_covered_display": "64", "missing_lines": 13, "excluded_lines": 0, "percent_statements_covered": 67.5, "percent_statements_covered_display": "68", "num_branches": 10, "num_partial_branches": 5, "covered_branches": 5, "missing_branches": 5, "percent_branches_covered": 50.0, "percent_branches_covered_display": "50"}, "missing_lines": [783, 787, 791, 795, 799, 800, 801, 804, 808, 809, 810, 817, 818], "excluded_lines": [], "start_line": 771, "executed_branches": [[782, 785], [786, 789], [790, 793], [794, 797], [803, 806]], "missing_branches": [[782, 783], [786, 787], [790, 791], [794, 795], [803, 804]]}, "update_item": {"executed_lines": [856, 858, 859, 860, 861, 862, 868, 872, 873, 878, 879, 882, 883, 886, 911, 913, 915, 917, 921, 922, 923, 924, 926, 927, 928, 929, 931, 932, 933, 937, 938, 940, 941, 943, 944, 945, 946, 948, 949, 955, 956, 959, 960, 961, 962, 963, 977, 996, 997, 998, 999, 1000, 1001, 1003, 1007, 1008, 1010, 1011, 1012, 1013, 1041, 1043, 1044, 1045, 1046, 1047, 1048, 1053, 1056, 1057], "summary": {"covered_lines": 70, "num_statements": 127, "percent_covered": 53.142857142857146, "percent_covered_display": "53", "missing_lines": 57, "excluded_lines": 0, "percent_statements_covered": 55.118110236220474, "percent_statements_covered_display": "55", "num_branches": 48, "num_partial_branches": 15, "covered_branches": 23, "missing_branches": 25, "percent_branches_covered": 47.916666666666664, "percent_branches_covered_display": "48"}, "missing_lines": [863, 864, 865, 866, 869, 870, 874, 875, 887, 888, 889, 890, 891, 893, 894, 895, 896, 898, 912, 914, 916, 918, 934, 935, 947, 950, 957, 958, 967, 968, 972, 973, 974, 975, 1004, 1005, 1014, 1015, 1017, 1018, 1019, 1020, 1021, 1022, 1023, 1024, 1025, 1029, 1030, 1035, 1036, 1038, 1039, 1049, 1050, 1051, 1054], "excluded_lines": [], "start_line": 855, "executed_branches": [[868, 872], [873, 878], [878, 879], [878, 882], [882, 883], [882, 886], [886, 911], [911, 913], [913, 915], [915, 917], [917, 921], [926, 927], [926, 977], [933, 937], [944, 945], [946, 948], [948, 949], [949, 955], [998, 999], [998, 1003], [999, 1000], [1003, 1007], [1053, 1056]], "missing_branches": [[868, 869], [873, 874], [886, 887], [893, 894], [893, 895], [895, 896], [895, 898], [911, 912], [913, 914], [915, 916], [917, 918], [933, 934], [944, 977], [946, 947], [948, 977], [949, 950], [999, 998], [1003, 1004], [1017, 1018], [1017, 1035], [1020, 1021], [1020, 1025], [1035, 1036], [1035, 1038], [1053, 1054]]}, "delete_item": {"executed_lines": [1062, 1064, 1065, 1066, 1067, 1068, 1074, 1078, 1079, 1080, 1082, 1083, 1084, 1087, 1088, 1091, 1092, 1094, 1095, 1098, 1100, 1103, 1104, 1106, 1107, 1109, 1143, 1145, 1146, 1147, 1154], "summary": {"covered_lines": 31, "num_statements": 63, "percent_covered": 45.78313253012048, "percent_covered_display": "46", "missing_lines": 32, "excluded_lines": 0, "percent_statements_covered": 49.20634920634921, "percent_statements_covered_display": "49", "num_branches": 20, "num_partial_branches": 7, "covered_branches": 7, "missing_branches": 13, "percent_branches_covered": 35.0, "percent_branches_covered_display": "35"}, "missing_lines": [1069, 1070, 1071, 1072, 1075, 1076, 1085, 1089, 1096, 1101, 1114, 1115, 1116, 1117, 1118, 1119, 1120, 1124, 1125, 1126, 1127, 1128, 1129, 1130, 1131, 1132, 1137, 1138, 1140, 1141, 1148, 1149], "excluded_lines": [], "start_line": 1061, "executed_branches": [[1074, 1078], [1083, 1084], [1084, 1087], [1088, 1091], [1095, 1098], [1100, 1103], [1145, 1146]], "missing_branches": [[1074, 1075], [1083, 1106], [1084, 1085], [1088, 1089], [1095, 1096], [1100, 1101], [1115, 1116], [1115, 1124], [1127, 1128], [1127, 1137], [1137, 1138], [1137, 1140], [1145, 1154]]}, "": {"executed_lines": [2, 4, 5, 6, 7, 8, 9, 10, 11, 12, 14, 15, 16, 18, 19, 20, 22, 23, 25, 26, 27, 34, 38, 48, 52, 59, 74, 79, 86, 99, 155, 171, 178, 194, 206, 218, 227, 276, 314, 337, 338, 339, 340, 341, 342, 343, 344, 345, 346, 347, 348, 351, 352, 353, 355, 356, 359, 360, 361, 362, 363, 364, 365, 366, 367, 368, 369, 370, 373, 374, 375, 376, 379, 380, 381, 382, 383, 384, 385, 386, 389, 390, 391, 394, 395, 396, 397, 398, 399, 400, 401, 402, 403, 404, 405, 406, 407, 408, 409, 412, 413, 414, 416, 417, 420, 421, 422, 423, 426, 427, 428, 429, 430, 431, 432, 433, 436, 437, 438, 439, 446, 447, 451, 482, 483, 525, 526, 591, 592, 615, 616, 770, 771, 854, 855, 1060, 1061], "summary": {"covered_lines": 137, "num_statements": 137, "percent_covered": 100.0, "percent_covered_display": "100", "missing_lines": 0, "excluded_lines": 0, "percent_statements_covered": 100.0, "percent_statements_covered_display": "100", "num_branches": 0, "num_partial_branches": 0, "covered_branches": 0, "missing_branches": 0, "percent_branches_covered": 100.0, "percent_branches_covered_display": "100"}, "missing_lines": [], "excluded_lines": [], "start_line": 1, "executed_branches": [], "missing_branches": []}}, "classes": {"ItemCreateRequest": {"executed_lines": [], "summary": {"covered_lines": 0, "num_statements": 0, "percent_covered": 100.0, "percent_covered_display": "100", "missing_lines": 0, "excluded_lines": 0, "percent_statements_covered": 100.0, "percent_statements_covered_display": "100", "num_branches": 0, "num_partial_branches": 0, "covered_branches": 0, "missing_branches": 0, "percent_branches_covered": 100.0, "percent_branches_covered_display": "100"}, "missing_lines": [], "excluded_lines": [], "start_line": 337, "executed_branches": [], "missing_branches": []}, "ItemUpdateRequest": {"executed_lines": [], "summary": {"covered_lines": 0, "num_statements": 0, "percent_covered": 100.0, "percent_covered_display": "100", "missing_lines": 0, "excluded_lines": 0, "percent_statements_covered": 100.0, "percent_statements_covered_display": "100", "num_branches": 0, "num_partial_branches": 0, "covered_branches": 0, "missing_branches": 0, "percent_branches_covered": 100.0, "percent_branches_covered_display": "100"}, "missing_lines": [], "excluded_lines": [], "start_line": 359, "executed_branches": [], "missing_branches": []}, "ItemSummary": {"executed_lines": [], "summary": {"covered_lines": 0, "num_statements": 0, "percent_covered": 100.0, "percent_covered_display": "100", "missing_lines": 0, "excluded_lines": 0, "percent_statements_covered": 100.0, "percent_statements_covered_display": "100", "num_branches": 0, "num_partial_branches": 0, "covered_branches": 0, "missing_branches": 0, "percent_branches_covered": 100.0, "percent_branches_covered_display": "100"}, "missing_lines": [], "excluded_lines": [], "start_line": 379, "executed_branches": [], "missing_branches": []}, "ListItemsResponse": {"executed_lines": [], "summary": {"covered_lines": 0, "num_statements": 0, "percent_covered": 100.0, "percent_covered_display": "100", "missing_lines": 0, "excluded_lines": 0, "percent_statements_covered": 100.0, "percent_statements_covered_display": "100", "num_branches": 0, "num_partial_branches": 0, "covered_branches": 0, "missing_branches": 0, "percent_branches_covered": 100.0, "percent_branches_covered_display": "100"}, "missing_lines": [], "excluded_lines": [], "start_line": 389, "executed_branches": [], "missing_branches": []}, "ItemResponse": {"executed_lines": [], "summary": {"covered_lines": 0, "num_statements": 0, "percent_covered": 100.0, "percent_covered_display": "100", "missing_lines": 0, "excluded_lines": 0, "percent_statements_covered": 100.0, "percent_statements_covered_display": "100", "num_branches": 0, "num_partial_branches": 0, "covered_branches": 0, "missing_branches": 0, "percent_branches_covered": 100.0, "percent_branches_covered_display": "100"}, "missing_lines": [], "excluded_lines": [], "start_line": 394, "executed_branches": [], "missing_branches": []}, "DeleteResponse": {"executed_lines": [], "summary": {"covered_lines": 0, "num_statements": 0, "percent_covered": 100.0, "percent_covered_display": "100", "missing_lines": 0, "excluded_lines": 0, "percent_statements_covered": 100.0, "percent_statements_covered_display": "100", "num_branches": 0, "num_partial_branches": 0, "covered_branches": 0, "missing_branches": 0, "percent_branches_covered": 100.0, "percent_branches_covered_display": "100"}, "missing_lines": [], "excluded_lines": [], "start_line": 420, "executed_branches": [], "missing_branches": []}, "ReviewItem": {"executed_lines": [], "summary": {"covered_lines": 0, "num_statements": 0, "percent_covered": 100.0, "percent_covered_display": "100", "missing_lines": 0, "excluded_lines": 0, "percent_statements_covered": 100.0, "percent_statements_covered_display": "100", "num_branches": 0, "num_partial_branches": 0, "covered_branches": 0, "missing_branches": 0, "percent_branches_covered": 100.0, "percent_branches_covered_display": "100"}, "missing_lines": [], "excluded_lines": [], "start_line": 426, "executed_branches": [], "missing_branches": []}, "ReviewQueueResponse": {"executed_lines": [], "summary": {"covered_lines": 0, "num_statements": 0, "percent_covered": 100.0, "percent_covered_display": "100", "missing_lines": 0, "excluded_lines": 0, "percent_statements_covered": 100.0, "percent_statements_covered_display": "100", "num_branches": 0, "num_partial_branches": 0, "covered_branches": 0, "missing_branches": 0, "percent_branches_covered": 100.0, "percent_branches_covered_display": "100"}, "missing_lines": [], "excluded_lines": [], "start_line": 436, "executed_branches": [], "missing_branches": []}, "": {"executed_lines": [2, 4, 5, 6, 7, 8, 9, 10, 11, 12, 14, 15, 16, 18, 19, 20, 22, 23, 25, 26, 27, 34, 35, 38, 39, 44, 45, 48, 49, 52, 59, 74, 75, 79, 80, 81, 82, 83, 86, 87, 88, 89, 90, 92, 99, 106, 107, 108, 109, 155, 159, 161, 164, 167, 168, 171, 172, 173, 174, 175, 178, 179, 180, 190, 191, 194, 195, 196, 197, 198, 199, 206, 207, 209, 210, 215, 218, 219, 220, 221, 222, 223, 224, 227, 228, 229, 230, 231, 233, 235, 241, 248, 255, 256, 257, 259, 260, 263, 276, 277, 278, 287, 314, 319, 320, 322, 327, 330, 337, 338, 339, 340, 341, 342, 343, 344, 345, 346, 347, 348, 351, 352, 353, 355, 356, 359, 360, 361, 362, 363, 364, 365, 366, 367, 368, 369, 370, 373, 374, 375, 376, 379, 380, 381, 382, 383, 384, 385, 386, 389, 390, 391, 394, 395, 396, 397, 398, 399, 400, 401, 402, 403, 404, 405, 406, 407, 408, 409, 412, 413, 414, 416, 417, 420, 421, 422, 423, 426, 427, 428, 429, 430, 431, 432, 433, 436, 437, 438, 439, 446, 447, 448, 451, 452, 453, 454, 455, 456, 457, 458, 482, 483, 525, 526, 591, 592, 615, 616, 617, 618, 620, 622, 623, 624, 626, 627, 628, 630, 631, 634, 635, 638, 639, 642, 654, 655, 656, 657, 658, 660, 663, 664, 669, 670, 672, 673, 675, 676, 705, 707, 708, 709, 710, 712, 713, 715, 716, 718, 751, 753, 754, 755, 756, 757, 758, 763, 766, 767, 770, 771, 772, 773, 775, 777, 778, 779, 781, 782, 785, 786, 789, 790, 793, 794, 797, 798, 803, 806, 807, 812, 813, 814, 815, 816, 820, 821, 823, 854, 855, 856, 858, 859, 860, 861, 862, 868, 872, 873, 878, 879, 882, 883, 886, 911, 913, 915, 917, 921, 922, 923, 924, 926, 927, 928, 929, 931, 932, 933, 937, 938, 940, 941, 943, 944, 945, 946, 948, 949, 955, 956, 959, 960, 961, 962, 963, 977, 996, 997, 998, 999, 1000, 1001, 1003, 1007, 1008, 1010, 1011, 1012, 1013, 1041, 1043, 1044, 1045, 1046, 1047, 1048, 1053, 1056, 1057, 1060, 1061, 1062, 1064, 1065, 1066, 1067, 1068, 1074, 1078, 1079, 1080, 1082, 1083, 1084, 1087, 1088, 1091, 1092, 1094, 1095, 1098, 1100, 1103, 1104, 1106, 1107, 1109, 1143, 1145, 1146, 1147, 1154], "summary": {"covered_lines": 392, "num_statements": 662, "percent_covered": 54.81927710843374, "percent_covered_display": "55", "missing_lines": 270, "excluded_lines": 0, "percent_statements_covered": 59.21450151057402, "percent_statements_covered_display": "59", "num_branches": 168, "num_partial_branches": 47, "covered_branches": 63, "missing_branches": 105, "percent_branches_covered": 37.5, "percent_branches_covered_display": "38"}, "missing_lines": [53, 54, 55, 56, 60, 61, 65, 67, 71, 76, 91, 111, 112, 114, 115, 117, 118, 119, 120, 121, 122, 124, 125, 126, 127, 128, 129, 131, 132, 142, 143, 144, 162, 165, 200, 201, 202, 203, 208, 211, 212, 213, 214, 236, 237, 238, 239, 242, 243, 244, 245, 246, 249, 250, 251, 252, 253, 258, 262, 264, 265, 266, 267, 268, 269, 289, 291, 292, 296, 298, 299, 309, 311, 323, 324, 325, 328, 484, 485, 486, 488, 489, 490, 491, 500, 501, 502, 503, 505, 506, 507, 508, 510, 522, 532, 533, 534, 536, 537, 538, 540, 541, 543, 553, 554, 555, 556, 558, 559, 560, 561, 563, 564, 565, 566, 567, 568, 569, 570, 571, 572, 576, 588, 593, 594, 595, 596, 597, 598, 599, 600, 601, 603, 604, 605, 606, 608, 609, 611, 612, 632, 636, 640, 661, 665, 666, 667, 728, 729, 731, 732, 733, 734, 735, 736, 738, 739, 740, 741, 742, 744, 745, 747, 748, 759, 760, 761, 764, 783, 787, 791, 795, 799, 800, 801, 804, 808, 809, 810, 817, 818, 863, 864, 865, 866, 869, 870, 874, 875, 887, 888, 889, 890, 891, 893, 894, 895, 896, 898, 912, 914, 916, 918, 934, 935, 947, 950, 957, 958, 967, 968, 972, 973, 974, 975, 1004, 1005, 1014, 1015, 1017, 1018, 1019, 1020, 1021, 1022, 1023, 1024, 1025, 1029, 1030, 1035, 1036, 1038, 1039, 1049, 1050, 1051, 1054, 1069, 1070, 1071, 1072, 1075, 1076, 1085, 1089, 1096, 1101, 1114, 1115, 1116, 1117, 1118, 1119, 1120, 1124, 1125, 1126, 1127, 1128, 1129, 1130, 1131, 1132, 1137, 1138, 1140, 1141, 1148, 1149], "excluded_lines": [], "start_line": 1, "executed_branches": [[75, -74], [80, 81], [80, 82], [88, 89], [88, 90], [90, 92], [106, 107], [161, 164], [164, 167], [167, -155], [167, 168], [198, 199], [207, 209], [210, 215], [255, 256], [257, 259], [259, 260], [277, 278], [322, 327], [327, 330], [455, 456], [627, 628], [627, 630], [631, 634], [635, 638], [639, 642], [660, 663], [763, 766], [782, 785], [786, 789], [790, 793], [794, 797], [803, 806], [868, 872], [873, 878], [878, 879], [878, 882], [882, 883], [882, 886], [886, 911], [911, 913], [913, 915], [915, 917], [917, 921], [926, 927], [926, 977], [933, 937], [944, 945], [946, 948], [948, 949], [949, 955], [998, 999], [998, 1003], [999, 1000], [1003, 1007], [1053, 1056], [1074, 1078], [1083, 1084], [1084, 1087], [1088, 1091], [1095, 1098], [1100, 1103], [1145, 1146]], "missing_branches": [[53, 54], [53, 55], [60, 61], [60, 67], [75, 76], [90, 91], [106, 111], [117, 118], [117, 119], [119, 120], [119, 121], [121, 122], [121, 124], [124, 125], [124, 126], [126, 127], [126, 128], [128, 129], [128, 131], [161, 162], [164, 165], [198, 200], [207, 208], [210, 211], [212, 213], [212, 214], [255, -227], [257, 258], [259, 262], [265, 266], [265, 269], [266, 267], [266, 268], [277, 289], [291, 292], [291, 298], [298, 299], [298, 311], [322, 323], [327, 328], [455, 458], [485, 486], [485, 488], [533, 534], [533, 536], [564, 565], [564, 588], [567, 568], [567, 576], [608, 609], [608, 611], [631, 632], [635, 636], [639, 640], [660, 661], [732, 733], [732, 738], [739, 740], [739, 744], [744, 745], [744, 747], [763, 764], [782, 783], [786, 787], [790, 791], [794, 795], [803, 804], [868, 869], [873, 874], [886, 887], [893, 894], [893, 895], [895, 896], [895, 898], [911, 912], [913, 914], [915, 916], [917, 918], [933, 934], [944, 977], [946, 947], [948, 977], [949, 950], [999, 998], [1003, 1004], [1017, 1018], [1017, 1035], [1020, 1021], [1020, 1025], [1035, 1036], [1035, 1038], [1053, 1054], [1074, 1075], [1083, 1106], [1084, 1085], [1088, 1089], [1095, 1096], [1100, 1101], [1115, 1116], [1115, 1124], [1127, 1128], [1127, 1137], [1137, 1138], [1137, 1140], [1145, 1154]]}}}, "src\\category_map.py": {"executed_lines": [2, 4, 5, 10, 11, 12, 14, 19, 47, 78, 80, 81, 82, 83, 88, 115, 145, 150, 153, 169, 184, 185, 186, 198, 199, 200, 201, 204, 205, 206, 225, 226, 227, 231, 232, 233, 235, 238, 239, 240, 243, 247, 249, 253, 255, 257, 259, 261, 266, 270, 273, 275, 283, 285, 289, 293, 297, 301, 305, 309, 313, 317, 321, 323, 327, 329, 333, 335, 339, 341, 344, 347, 348, 349, 350, 352, 353, 355, 358, 359, 360, 361, 362, 363, 364], "summary": {"covered_lines": 85, "num_statements": 128, "percent_covered": 59.905660377358494, "percent_covered_display": "60", "missing_lines": 43, "excluded_lines": 0, "percent_statements_covered": 66.40625, "percent_statements_covered_display": "66", "num_branches": 84, "num_partial_branches": 32, "covered_branches": 42, "missing_branches": 42, "percent_branches_covered": 50.0, "percent_branches_covered_display": "50"}, "missing_lines": [207, 208, 209, 211, 212, 214, 215, 216, 218, 219, 220, 222, 228, 236, 244, 248, 250, 254, 256, 258, 260, 262, 274, 279, 284, 286, 290, 294, 298, 302, 306, 310, 314, 318, 322, 324, 328, 330, 334, 336, 340, 342, 354], "excluded_lines": [], "executed_branches": [[81, 82], [81, 88], [82, 81], [82, 83], [205, 206], [226, 227], [235, 238], [243, 247], [247, 249], [249, 253], [253, 255], [255, 257], [257, 259], [259, 261], [261, 266], [266, 270], [266, 273], [273, 275], [275, 283], [283, 285], [285, 289], [289, 293], [293, 297], [297, 301], [301, 305], [305, 309], [309, 313], [313, 317], [317, 321], [321, 323], [323, 327], [327, 329], [329, 333], [333, 335], [335, 339], [339, 341], [341, 344], [349, 350], [349, 352], [353, 355], [360, 361], [360, 364]], "missing_branches": [[205, 207], [208, 209], [208, 211], [211, 212], [211, 214], [215, 216], [215, 218], [218, 219], [218, 222], [219, 218], [219, 220], [226, 228], [235, 236], [243, 244], [247, 248], [249, 250], [253, 254], [255, 256], [257, 258], [259, 260], [261, 262], [273, 274], [275, 279], [283, 284], [285, 286], [289, 290], [293, 294], [297, 298], [301, 302], [305, 306], [309, 310], [313, 314], [317, 318], [321, 322], [323, 324], [327, 328], [329, 330], [333, 334], [335, 336], [339, 340], [341, 342], [353, 354]], "functions": {"_fold_de": {"executed_lines": [185, 186], "summary": {"covered_lines": 2, "num_statements": 2, "percent_covered": 100.0, "percent_covered_display": "100", "missing_lines": 0, "excluded_lines": 0, "percent_statements_covered": 100.0, "percent_statements_covered_display": "100", "num_branches": 0, "num_partial_branches": 0, "covered_branches": 0, "missing_branches": 0, "percent_branches_covered": 100.0, "percent_branches_covered_display": "100"}, "missing_lines": [], "excluded_lines": [], "start_line": 184, "executed_branches": [], "missing_branches": []}, "_words_blob": {"executed_lines": [199, 200, 201], "summary": {"covered_lines": 3, "num_statements": 3, "percent_covered": 100.0, "percent_covered_display": "100", "missing_lines": 0, "excluded_lines": 0, "percent_statements_covered": 100.0, "percent_statements_covered_display": "100", "num_branches": 0, "num_partial_branches": 0, "covered_branches": 0, "missing_branches": 0, "percent_branches_covered": 100.0, "percent_branches_covered_display": "100"}, "missing_lines": [], "excluded_lines": [], "start_line": 198, "executed_branches": [], "missing_branches": []}, "normalize_filter_key": {"executed_lines": [205, 206], "summary": {"covered_lines": 2, "num_statements": 14, "percent_covered": 11.538461538461538, "percent_covered_display": "12", "missing_lines": 12, "excluded_lines": 0, "percent_statements_covered": 14.285714285714286, "percent_statements_covered_display": "14", "num_branches": 12, "num_partial_branches": 1, "covered_branches": 1, "missing_branches": 11, "percent_branches_covered": 8.333333333333334, "percent_branches_covered_display": "8"}, "missing_lines": [207, 208, 209, 211, 212, 214, 215, 216, 218, 219, 220, 222], "excluded_lines": [], "start_line": 204, "executed_branches": [[205, 206]], "missing_branches": [[205, 207], [208, 209], [208, 211], [211, 212], [211, 214], [215, 216], [215, 218], [218, 219], [218, 222], [219, 218], [219, 220]]}, "category_group_for_internal": {"executed_lines": [226, 227], "summary": {"covered_lines": 2, "num_statements": 3, "percent_covered": 60.0, "percent_covered_display": "60", "missing_lines": 1, "excluded_lines": 0, "percent_statements_covered": 66.66666666666667, "percent_statements_covered_display": "67", "num_branches": 2, "num_partial_branches": 1, "covered_branches": 1, "missing_branches": 1, "percent_branches_covered": 50.0, "percent_branches_covered_display": "50"}, "missing_lines": [228], "excluded_lines": [], "start_line": 225, "executed_branches": [[226, 227]], "missing_branches": [[226, 228]]}, "infer_internal_category": {"executed_lines": [232, 233, 235, 238, 239, 240, 243, 247, 249, 253, 255, 257, 259, 261, 266, 270, 273, 275, 283, 285, 289, 293, 297, 301, 305, 309, 313, 317, 321, 323, 327, 329, 333, 335, 339, 341, 344], "summary": {"covered_lines": 37, "num_statements": 66, "percent_covered": 53.96825396825397, "percent_covered_display": "54", "missing_lines": 29, "excluded_lines": 0, "percent_statements_covered": 56.06060606060606, "percent_statements_covered_display": "56", "num_branches": 60, "num_partial_branches": 29, "covered_branches": 31, "missing_branches": 29, "percent_branches_covered": 51.666666666666664, "percent_branches_covered_display": "52"}, "missing_lines": [236, 244, 248, 250, 254, 256, 258, 260, 262, 274, 279, 284, 286, 290, 294, 298, 302, 306, 310, 314, 318, 322, 324, 328, 330, 334, 336, 340, 342], "excluded_lines": [], "start_line": 231, "executed_branches": [[235, 238], [243, 247], [247, 249], [249, 253], [253, 255], [255, 257], [257, 259], [259, 261], [261, 266], [266, 270], [266, 273], [273, 275], [275, 283], [283, 285], [285, 289], [289, 293], [293, 297], [297, 301], [301, 305], [305, 309], [309, 313], [313, 317], [317, 321], [321, 323], [323, 327], [327, 329], [329, 333], [333, 335], [335, 339], [339, 341], [341, 344]], "missing_branches": [[235, 236], [243, 244], [247, 248], [249, 250], [253, 254], [255, 256], [257, 258], [259, 260], [261, 262], [273, 274], [275, 279], [283, 284], [285, 286], [289, 290], [293, 294], [297, 298], [301, 302], [305, 306], [309, 310], [313, 314], [317, 318], [321, 322], [323, 324], [327, 328], [329, 330], [333, 334], [335, 336], [339, 340], [341, 342]]}, "display_category_label": {"executed_lines": [348, 349, 350, 352, 353, 355], "summary": {"covered_lines": 6, "num_statements": 7, "percent_covered": 81.81818181818181, "percent_covered_display": "82", "missing_lines": 1, "excluded_lines": 0, "percent_statements_covered": 85.71428571428571, "percent_statements_covered_display": "86", "num_branches": 4, "num_partial_branches": 1, "covered_branches": 3, "missing_branches": 1, "percent_branches_covered": 75.0, "percent_branches_covered_display": "75"}, "missing_lines": [354], "excluded_lines": [], "start_line": 347, "executed_branches": [[349, 350], [349, 352], [353, 355]], "missing_branches": [[353, 354]]}, "admin_option_groups": {"executed_lines": [359, 360, 361, 362, 363, 364], "summary": {"covered_lines": 6, "num_statements": 6, "percent_covered": 100.0, "percent_covered_display": "100", "missing_lines": 0, "excluded_lines": 0, "percent_statements_covered": 100.0, "percent_statements_covered_display": "100", "num_branches": 2, "num_partial_branches": 0, "covered_branches": 2, "missing_branches": 0, "percent_branches_covered": 100.0, "percent_branches_covered_display": "100"}, "missing_lines": [], "excluded_lines": [], "start_line": 358, "executed_branches": [[360, 361], [360, 364]], "missing_branches": []}, "": {"executed_lines": [2, 4, 5, 10, 11, 12, 14, 19, 47, 78, 80, 81, 82, 83, 88, 115, 145, 150, 153, 169, 184, 198, 204, 225, 231, 347, 358], "summary": {"covered_lines": 27, "num_statements": 27, "percent_covered": 100.0, "percent_covered_display": "100", "missing_lines": 0, "excluded_lines": 0, "percent_statements_covered": 100.0, "percent_statements_covered_display": "100", "num_branches": 4, "num_partial_branches": 0, "covered_branches": 4, "missing_branches": 0, "percent_branches_covered": 100.0, "percent_branches_covered_display": "100"}, "missing_lines": [], "excluded_lines": [], "start_line": 1, "executed_branches": [[81, 82], [81, 88], [82, 81], [82, 83]], "missing_branches": []}}, "classes": {"": {"executed_lines": [2, 4, 5, 10, 11, 12, 14, 19, 47, 78, 80, 81, 82, 83, 88, 115, 145, 150, 153, 169, 184, 185, 186, 198, 199, 200, 201, 204, 205, 206, 225, 226, 227, 231, 232, 233, 235, 238, 239, 240, 243, 247, 249, 253, 255, 257, 259, 261, 266, 270, 273, 275, 283, 285, 289, 293, 297, 301, 305, 309, 313, 317, 321, 323, 327, 329, 333, 335, 339, 341, 344, 347, 348, 349, 350, 352, 353, 355, 358, 359, 360, 361, 362, 363, 364], "summary": {"covered_lines": 85, "num_statements": 128, "percent_covered": 59.905660377358494, "percent_covered_display": "60", "missing_lines": 43, "excluded_lines": 0, "percent_statements_covered": 66.40625, "percent_statements_covered_display": "66", "num_branches": 84, "num_partial_branches": 32, "covered_branches": 42, "missing_branches": 42, "percent_branches_covered": 50.0, "percent_branches_covered_display": "50"}, "missing_lines": [207, 208, 209, 211, 212, 214, 215, 216, 218, 219, 220, 222, 228, 236, 244, 248, 250, 254, 256, 258, 260, 262, 274, 279, 284, 286, 290, 294, 298, 302, 306, 310, 314, 318, 322, 324, 328, 330, 334, 336, 340, 342, 354], "excluded_lines": [], "start_line": 1, "executed_branches": [[81, 82], [81, 88], [82, 81], [82, 83], [205, 206], [226, 227], [235, 238], [243, 247], [247, 249], [249, 253], [253, 255], [255, 257], [257, 259], [259, 261], [261, 266], [266, 270], [266, 273], [273, 275], [275, 283], [283, 285], [285, 289], [289, 293], [293, 297], [297, 301], [301, 305], [305, 309], [309, 313], [313, 317], [317, 321], [321, 323], [323, 327], [327, 329], [329, 333], [333, 335], [335, 339], [339, 341], [341, 344], [349, 350], [349, 352], [353, 355], [360, 361], [360, 364]], "missing_branches": [[205, 207], [208, 209], [208, 211], [211, 212], [211, 214], [215, 216], [215, 218], [218, 219], [218, 222], [219, 218], [219, 220], [226, 228], [235, 236], [243, 244], [247, 248], [249, 250], [253, 254], [255, 256], [257, 258], [259, 260], [261, 262], [273, 274], [275, 279], [283, 284], [285, 286], [289, 290], [293, 294], [297, 298], [301, 302], [305, 306], [309, 310], [313, 314], [317, 318], [321, 322], [323, 324], [327, 328], [329, 330], [333, 334], [335, 336], [339, 340], [341, 342], [353, 354]]}}}, "src\\check_db.py": {"executed_lines": [], "summary": {"covered_lines": 0, "num_statements": 39, "percent_covered": 0.0, "percent_covered_display": "0", "missing_lines": 39, "excluded_lines": 0, "percent_statements_covered": 0.0, "percent_statements_covered_display": "0", "num_branches": 8, "num_partial_branches": 0, "covered_branches": 0, "missing_branches": 8, "percent_branches_covered": 0.0, "percent_branches_covered_display": "0"}, "missing_lines": [1, 2, 5, 6, 8, 9, 10, 11, 13, 14, 15, 17, 18, 19, 20, 21, 22, 23, 25, 26, 27, 29, 31, 33, 34, 37, 38, 39, 40, 43, 44, 46, 47, 49, 51, 52, 54, 56, 57], "excluded_lines": [], "executed_branches": [], "missing_branches": [[9, 10], [9, 13], [29, 31], [29, 54], [46, 47], [46, 49], [56, -1], [56, 57]], "functions": {"check_inventory": {"executed_lines": [], "summary": {"covered_lines": 0, "num_statements": 32, "percent_covered": 0.0, "percent_covered_display": "0", "missing_lines": 32, "excluded_lines": 0, "percent_statements_covered": 0.0, "percent_statements_covered_display": "0", "num_branches": 6, "num_partial_branches": 0, "covered_branches": 0, "missing_branches": 6, "percent_branches_covered": 0.0, "percent_branches_covered_display": "0"}, "missing_lines": [9, 10, 11, 13, 14, 15, 17, 18, 19, 20, 21, 22, 23, 25, 26, 27, 29, 31, 33, 34, 37, 38, 39, 40, 43, 44, 46, 47, 49, 51, 52, 54], "excluded_lines": [], "start_line": 8, "executed_branches": [], "missing_branches": [[9, 10], [9, 13], [29, 31], [29, 54], [46, 47], [46, 49]]}, "": {"executed_lines": [], "summary": {"covered_lines": 0, "num_statements": 7, "percent_covered": 0.0, "percent_covered_display": "0", "missing_lines": 7, "excluded_lines": 0, "percent_statements_covered": 0.0, "percent_statements_covered_display": "0", "num_branches": 2, "num_partial_branches": 0, "covered_branches": 0, "missing_branches": 2, "percent_branches_covered": 0.0, "percent_branches_covered_display": "0"}, "missing_lines": [1, 2, 5, 6, 8, 56, 57], "excluded_lines": [], "start_line": 1, "executed_branches": [], "missing_branches": [[56, -1], [56, 57]]}}, "classes": {"": {"executed_lines": [], "summary": {"covered_lines": 0, "num_statements": 39, "percent_covered": 0.0, "percent_covered_display": "0", "missing_lines": 39, "excluded_lines": 0, "percent_statements_covered": 0.0, "percent_statements_covered_display": "0", "num_branches": 8, "num_partial_branches": 0, "covered_branches": 0, "missing_branches": 8, "percent_branches_covered": 0.0, "percent_branches_covered_display": "0"}, "missing_lines": [1, 2, 5, 6, 8, 9, 10, 11, 13, 14, 15, 17, 18, 19, 20, 21, 22, 23, 25, 26, 27, 29, 31, 33, 34, 37, 38, 39, 40, 43, 44, 46, 47, 49, 51, 52, 54, 56, 57], "excluded_lines": [], "start_line": 1, "executed_branches": [], "missing_branches": [[9, 10], [9, 13], [29, 31], [29, 54], [46, 47], [46, 49], [56, -1], [56, 57]]}}}, "src\\database_manager.py": {"executed_lines": [], "summary": {"covered_lines": 0, "num_statements": 23, "percent_covered": 0.0, "percent_covered_display": "0", "missing_lines": 23, "excluded_lines": 0, "percent_statements_covered": 0.0, "percent_statements_covered_display": "0", "num_branches": 4, "num_partial_branches": 0, "covered_branches": 0, "missing_branches": 4, "percent_branches_covered": 0.0, "percent_branches_covered_display": "0"}, "missing_lines": [1, 2, 4, 5, 7, 8, 9, 10, 11, 12, 13, 14, 16, 17, 18, 20, 40, 41, 43, 44, 45, 47, 48], "excluded_lines": [], "executed_branches": [], "missing_branches": [[8, 9], [8, 16], [47, -1], [47, 48]], "functions": {"reset_database": {"executed_lines": [], "summary": {"covered_lines": 0, "num_statements": 16, "percent_covered": 0.0, "percent_covered_display": "0", "missing_lines": 16, "excluded_lines": 0, "percent_statements_covered": 0.0, "percent_statements_covered_display": "0", "num_branches": 2, "num_partial_branches": 0, "covered_branches": 0, "missing_branches": 2, "percent_branches_covered": 0.0, "percent_branches_covered_display": "0"}, "missing_lines": [8, 9, 10, 11, 12, 13, 14, 16, 17, 18, 20, 40, 41, 43, 44, 45], "excluded_lines": [], "start_line": 7, "executed_branches": [], "missing_branches": [[8, 9], [8, 16]]}, "": {"executed_lines": [], "summary": {"covered_lines": 0, "num_statements": 7, "percent_covered": 0.0, "percent_covered_display": "0", "missing_lines": 7, "excluded_lines": 0, "percent_statements_covered": 0.0, "percent_statements_covered_display": "0", "num_branches": 2, "num_partial_branches": 0, "covered_branches": 0, "missing_branches": 2, "percent_branches_covered": 0.0, "percent_branches_covered_display": "0"}, "missing_lines": [1, 2, 4, 5, 7, 47, 48], "excluded_lines": [], "start_line": 1, "executed_branches": [], "missing_branches": [[47, -1], [47, 48]]}}, "classes": {"": {"executed_lines": [], "summary": {"covered_lines": 0, "num_statements": 23, "percent_covered": 0.0, "percent_covered_display": "0", "missing_lines": 23, "excluded_lines": 0, "percent_statements_covered": 0.0, "percent_statements_covered_display": "0", "num_branches": 4, "num_partial_branches": 0, "covered_branches": 0, "missing_branches": 4, "percent_branches_covered": 0.0, "percent_branches_covered_display": "0"}, "missing_lines": [1, 2, 4, 5, 7, 8, 9, 10, 11, 12, 13, 14, 16, 17, 18, 20, 40, 41, 43, 44, 45, 47, 48], "excluded_lines": [], "start_line": 1, "executed_branches": [], "missing_branches": [[8, 9], [8, 16], [47, -1], [47, 48]]}}}, "src\\db_schema.py": {"executed_lines": [2, 4, 5, 6, 7, 8, 10, 12, 15, 19, 43, 75, 90, 103, 104, 105, 108, 109, 110, 111, 114, 128, 129, 131, 133, 134, 135, 136, 137, 138, 141, 142, 143, 145, 147, 148, 151, 152, 153, 154, 156, 157, 158, 159, 161, 166, 167, 168, 170, 171, 172, 174, 175, 176, 178, 180, 182, 186], "summary": {"covered_lines": 58, "num_statements": 69, "percent_covered": 82.3529411764706, "percent_covered_display": "82", "missing_lines": 11, "excluded_lines": 0, "percent_statements_covered": 84.05797101449275, "percent_statements_covered_display": "84", "num_branches": 16, "num_partial_branches": 2, "covered_branches": 12, "missing_branches": 4, "percent_branches_covered": 75.0, "percent_branches_covered_display": "75"}, "missing_lines": [149, 188, 189, 190, 191, 192, 193, 195, 196, 197, 199], "excluded_lines": [], "executed_branches": [[133, 134], [141, 142], [141, 145], [148, 151], [151, 152], [151, 156], [152, 151], [152, 153], [166, 167], [166, 170], [170, 171], [170, 174]], "missing_branches": [[133, 199], [148, 149], [190, 191], [190, 193]], "functions": {"_table_exists": {"executed_lines": [104, 105], "summary": {"covered_lines": 2, "num_statements": 2, "percent_covered": 100.0, "percent_covered_display": "100", "missing_lines": 0, "excluded_lines": 0, "percent_statements_covered": 100.0, "percent_statements_covered_display": "100", "num_branches": 0, "num_partial_branches": 0, "covered_branches": 0, "missing_branches": 0, "percent_branches_covered": 100.0, "percent_branches_covered_display": "100"}, "missing_lines": [], "excluded_lines": [], "start_line": 103, "executed_branches": [], "missing_branches": []}, "_table_columns": {"executed_lines": [109, 110, 111], "summary": {"covered_lines": 3, "num_statements": 3, "percent_covered": 100.0, "percent_covered_display": "100", "missing_lines": 0, "excluded_lines": 0, "percent_statements_covered": 100.0, "percent_statements_covered_display": "100", "num_branches": 0, "num_partial_branches": 0, "covered_branches": 0, "missing_branches": 0, "percent_branches_covered": 100.0, "percent_branches_covered_display": "100"}, "missing_lines": [], "excluded_lines": [], "start_line": 108, "executed_branches": [], "missing_branches": []}, "ensure_schema": {"executed_lines": [128, 129, 131, 133, 134, 135, 136, 137, 138, 141, 142, 143, 145, 147, 148, 151, 152, 153, 154, 156, 157, 158, 159, 161, 166, 167, 168, 170, 171, 172, 174, 175, 176, 178, 180, 182, 186], "summary": {"covered_lines": 37, "num_statements": 48, "percent_covered": 76.5625, "percent_covered_display": "77", "missing_lines": 11, "excluded_lines": 0, "percent_statements_covered": 77.08333333333333, "percent_statements_covered_display": "77", "num_branches": 16, "num_partial_branches": 2, "covered_branches": 12, "missing_branches": 4, "percent_branches_covered": 75.0, "percent_branches_covered_display": "75"}, "missing_lines": [149, 188, 189, 190, 191, 192, 193, 195, 196, 197, 199], "excluded_lines": [], "start_line": 114, "executed_branches": [[133, 134], [141, 142], [141, 145], [148, 151], [151, 152], [151, 156], [152, 151], [152, 153], [166, 167], [166, 170], [170, 171], [170, 174]], "missing_branches": [[133, 199], [148, 149], [190, 191], [190, 193]]}, "": {"executed_lines": [2, 4, 5, 6, 7, 8, 10, 12, 15, 19, 43, 75, 90, 103, 108, 114], "summary": {"covered_lines": 16, "num_statements": 16, "percent_covered": 100.0, "percent_covered_display": "100", "missing_lines": 0, "excluded_lines": 0, "percent_statements_covered": 100.0, "percent_statements_covered_display": "100", "num_branches": 0, "num_partial_branches": 0, "covered_branches": 0, "missing_branches": 0, "percent_branches_covered": 100.0, "percent_branches_covered_display": "100"}, "missing_lines": [], "excluded_lines": [], "start_line": 1, "executed_branches": [], "missing_branches": []}}, "classes": {"": {"executed_lines": [2, 4, 5, 6, 7, 8, 10, 12, 15, 19, 43, 75, 90, 103, 104, 105, 108, 109, 110, 111, 114, 128, 129, 131, 133, 134, 135, 136, 137, 138, 141, 142, 143, 145, 147, 148, 151, 152, 153, 154, 156, 157, 158, 159, 161, 166, 167, 168, 170, 171, 172, 174, 175, 176, 178, 180, 182, 186], "summary": {"covered_lines": 58, "num_statements": 69, "percent_covered": 82.3529411764706, "percent_covered_display": "82", "missing_lines": 11, "excluded_lines": 0, "percent_statements_covered": 84.05797101449275, "percent_statements_covered_display": "84", "num_branches": 16, "num_partial_branches": 2, "covered_branches": 12, "missing_branches": 4, "percent_branches_covered": 75.0, "percent_branches_covered_display": "75"}, "missing_lines": [149, 188, 189, 190, 191, 192, 193, 195, 196, 197, 199], "excluded_lines": [], "start_line": 1, "executed_branches": [[133, 134], [141, 142], [141, 145], [148, 151], [151, 152], [151, 156], [152, 151], [152, 153], [166, 167], [166, 170], [170, 171], [170, 174]], "missing_branches": [[133, 199], [148, 149], [190, 191], [190, 193]]}}}, "src\\error_contract.py": {"executed_lines": [2, 4, 7, 12, 23, 24, 30, 36, 38, 40, 43, 50, 52, 53, 59, 60, 61, 62, 65, 66, 67, 68, 69, 70, 71, 79], "summary": {"covered_lines": 26, "num_statements": 34, "percent_covered": 66.0, "percent_covered_display": "66", "missing_lines": 8, "excluded_lines": 0, "percent_statements_covered": 76.47058823529412, "percent_statements_covered_display": "76", "num_branches": 16, "num_partial_branches": 5, "covered_branches": 7, "missing_branches": 9, "percent_branches_covered": 43.75, "percent_branches_covered_display": "44"}, "missing_lines": [25, 26, 27, 37, 39, 54, 55, 57], "excluded_lines": [], "executed_branches": [[23, 24], [36, 38], [38, 40], [52, 53], [67, 68], [67, 79], [69, 70]], "missing_branches": [[23, 25], [25, 26], [25, 27], [36, 37], [38, 39], [52, 54], [54, 55], [54, 57], [69, 71]], "functions": {"error_code_for_status": {"executed_lines": [12, 23, 24], "summary": {"covered_lines": 3, "num_statements": 6, "percent_covered": 40.0, "percent_covered_display": "40", "missing_lines": 3, "excluded_lines": 0, "percent_statements_covered": 50.0, "percent_statements_covered_display": "50", "num_branches": 4, "num_partial_branches": 1, "covered_branches": 1, "missing_branches": 3, "percent_branches_covered": 25.0, "percent_branches_covered_display": "25"}, "missing_lines": [25, 26, 27], "excluded_lines": [], "start_line": 7, "executed_branches": [[23, 24]], "missing_branches": [[23, 25], [25, 26], [25, 27]]}, "error_class_for_status": {"executed_lines": [36, 38, 40], "summary": {"covered_lines": 3, "num_statements": 5, "percent_covered": 55.55555555555556, "percent_covered_display": "56", "missing_lines": 2, "excluded_lines": 0, "percent_statements_covered": 60.0, "percent_statements_covered_display": "60", "num_branches": 4, "num_partial_branches": 2, "covered_branches": 2, "missing_branches": 2, "percent_branches_covered": 50.0, "percent_branches_covered_display": "50"}, "missing_lines": [37, 39], "excluded_lines": [], "start_line": 30, "executed_branches": [[36, 38], [38, 40]], "missing_branches": [[36, 37], [38, 39]]}, "normalize_detail": {"executed_lines": [50, 52, 53, 59, 60, 61, 62], "summary": {"covered_lines": 7, "num_statements": 10, "percent_covered": 57.142857142857146, "percent_covered_display": "57", "missing_lines": 3, "excluded_lines": 0, "percent_statements_covered": 70.0, "percent_statements_covered_display": "70", "num_branches": 4, "num_partial_branches": 1, "covered_branches": 1, "missing_branches": 3, "percent_branches_covered": 25.0, "percent_branches_covered_display": "25"}, "missing_lines": [54, 55, 57], "excluded_lines": [], "start_line": 43, "executed_branches": [[52, 53]], "missing_branches": [[52, 54], [54, 55], [54, 57]]}, "validation_detail": {"executed_lines": [66, 67, 68, 69, 70, 71, 79], "summary": {"covered_lines": 7, "num_statements": 7, "percent_covered": 90.9090909090909, "percent_covered_display": "91", "missing_lines": 0, "excluded_lines": 0, "percent_statements_covered": 100.0, "percent_statements_covered_display": "100", "num_branches": 4, "num_partial_branches": 1, "covered_branches": 3, "missing_branches": 1, "percent_branches_covered": 75.0, "percent_branches_covered_display": "75"}, "missing_lines": [], "excluded_lines": [], "start_line": 65, "executed_branches": [[67, 68], [67, 79], [69, 70]], "missing_branches": [[69, 71]]}, "": {"executed_lines": [2, 4, 7, 30, 43, 65], "summary": {"covered_lines": 6, "num_statements": 6, "percent_covered": 100.0, "percent_covered_display": "100", "missing_lines": 0, "excluded_lines": 0, "percent_statements_covered": 100.0, "percent_statements_covered_display": "100", "num_branches": 0, "num_partial_branches": 0, "covered_branches": 0, "missing_branches": 0, "percent_branches_covered": 100.0, "percent_branches_covered_display": "100"}, "missing_lines": [], "excluded_lines": [], "start_line": 1, "executed_branches": [], "missing_branches": []}}, "classes": {"": {"executed_lines": [2, 4, 7, 12, 23, 24, 30, 36, 38, 40, 43, 50, 52, 53, 59, 60, 61, 62, 65, 66, 67, 68, 69, 70, 71, 79], "summary": {"covered_lines": 26, "num_statements": 34, "percent_covered": 66.0, "percent_covered_display": "66", "missing_lines": 8, "excluded_lines": 0, "percent_statements_covered": 76.47058823529412, "percent_statements_covered_display": "76", "num_branches": 16, "num_partial_branches": 5, "covered_branches": 7, "missing_branches": 9, "percent_branches_covered": 43.75, "percent_branches_covered_display": "44"}, "missing_lines": [25, 26, 27, 37, 39, 54, 55, 57], "excluded_lines": [], "start_line": 1, "executed_branches": [[23, 24], [36, 38], [38, 40], [52, 53], [67, 68], [67, 79], [69, 70]], "missing_branches": [[23, 25], [25, 26], [25, 27], [36, 37], [38, 39], [52, 54], [54, 55], [54, 57], [69, 71]]}}}, "src\\export_db.py": {"executed_lines": [], "summary": {"covered_lines": 0, "num_statements": 22, "percent_covered": 0.0, "percent_covered_display": "0", "missing_lines": 22, "excluded_lines": 0, "percent_statements_covered": 0.0, "percent_statements_covered_display": "0", "num_branches": 4, "num_partial_branches": 0, "covered_branches": 0, "missing_branches": 4, "percent_branches_covered": 0.0, "percent_branches_covered_display": "0"}, "missing_lines": [2, 3, 4, 6, 7, 8, 10, 11, 12, 13, 15, 16, 17, 19, 20, 23, 25, 26, 28, 29, 31, 32], "excluded_lines": [], "executed_branches": [], "missing_branches": [[11, 12], [11, 15], [31, -1], [31, 32]], "functions": {"export_to_json": {"executed_lines": [], "summary": {"covered_lines": 0, "num_statements": 13, "percent_covered": 0.0, "percent_covered_display": "0", "missing_lines": 13, "excluded_lines": 0, "percent_statements_covered": 0.0, "percent_statements_covered_display": "0", "num_branches": 2, "num_partial_branches": 0, "covered_branches": 0, "missing_branches": 2, "percent_branches_covered": 0.0, "percent_branches_covered_display": "0"}, "missing_lines": [11, 12, 13, 15, 16, 17, 19, 20, 23, 25, 26, 28, 29], "excluded_lines": [], "start_line": 10, "executed_branches": [], "missing_branches": [[11, 12], [11, 15]]}, "": {"executed_lines": [], "summary": {"covered_lines": 0, "num_statements": 9, "percent_covered": 0.0, "percent_covered_display": "0", "missing_lines": 9, "excluded_lines": 0, "percent_statements_covered": 0.0, "percent_statements_covered_display": "0", "num_branches": 2, "num_partial_branches": 0, "covered_branches": 0, "missing_branches": 2, "percent_branches_covered": 0.0, "percent_branches_covered_display": "0"}, "missing_lines": [2, 3, 4, 6, 7, 8, 10, 31, 32], "excluded_lines": [], "start_line": 1, "executed_branches": [], "missing_branches": [[31, -1], [31, 32]]}}, "classes": {"": {"executed_lines": [], "summary": {"covered_lines": 0, "num_statements": 22, "percent_covered": 0.0, "percent_covered_display": "0", "missing_lines": 22, "excluded_lines": 0, "percent_statements_covered": 0.0, "percent_statements_covered_display": "0", "num_branches": 4, "num_partial_branches": 0, "covered_branches": 0, "missing_branches": 4, "percent_branches_covered": 0.0, "percent_branches_covered_display": "0"}, "missing_lines": [2, 3, 4, 6, 7, 8, 10, 11, 12, 13, 15, 16, 17, 19, 20, 23, 25, 26, 28, 29, 31, 32], "excluded_lines": [], "start_line": 1, "executed_branches": [], "missing_branches": [[11, 12], [11, 15], [31, -1], [31, 32]]}}}, "src\\ingest_wardrobe.py": {"executed_lines": [], "summary": {"covered_lines": 0, "num_statements": 391, "percent_covered": 0.0, "percent_covered_display": "0", "missing_lines": 391, "excluded_lines": 0, "percent_statements_covered": 0.0, "percent_statements_covered_display": "0", "num_branches": 82, "num_partial_branches": 0, "covered_branches": 0, "missing_branches": 82, "percent_branches_covered": 0.0, "percent_branches_covered_display": "0"}, "missing_lines": [2, 5, 6, 8, 9, 10, 11, 14, 15, 16, 17, 18, 19, 20, 21, 22, 23, 24, 25, 27, 28, 29, 31, 36, 38, 39, 40, 43, 44, 45, 46, 47, 48, 49, 50, 53, 54, 57, 58, 59, 60, 61, 62, 63, 64, 65, 68, 69, 70, 71, 72, 73, 76, 82, 83, 84, 85, 86, 87, 88, 89, 90, 91, 92, 93, 94, 96, 97, 100, 101, 104, 105, 106, 107, 109, 110, 112, 113, 114, 115, 117, 119, 120, 121, 123, 124, 125, 126, 127, 128, 130, 131, 133, 139, 140, 141, 142, 143, 144, 147, 148, 161, 162, 163, 164, 165, 166, 167, 168, 169, 170, 172, 173, 174, 179, 180, 181, 182, 183, 186, 188, 201, 202, 203, 204, 207, 208, 209, 213, 216, 221, 222, 223, 230, 231, 232, 234, 235, 239, 240, 241, 243, 247, 248, 251, 252, 253, 285, 288, 289, 290, 294, 297, 298, 299, 301, 303, 304, 305, 306, 307, 309, 310, 311, 312, 313, 314, 316, 317, 318, 319, 320, 321, 323, 324, 326, 327, 329, 332, 333, 334, 335, 336, 337, 338, 339, 340, 341, 342, 343, 344, 345, 346, 349, 350, 352, 358, 364, 371, 372, 373, 374, 376, 377, 378, 379, 382, 383, 384, 386, 387, 388, 389, 391, 404, 405, 407, 408, 410, 411, 412, 413, 416, 417, 418, 419, 420, 421, 422, 424, 426, 428, 429, 430, 431, 432, 433, 434, 436, 437, 438, 439, 441, 442, 444, 445, 446, 447, 449, 450, 453, 454, 456, 457, 458, 459, 461, 462, 463, 465, 468, 469, 471, 472, 473, 474, 475, 487, 490, 491, 492, 493, 505, 508, 509, 510, 511, 512, 513, 522, 523, 524, 525, 526, 529, 530, 532, 533, 535, 536, 537, 538, 539, 540, 541, 543, 544, 545, 546, 547, 550, 552, 555, 556, 557, 558,
[...]
[[72, 73], [72, 74], [75, 76], [75, 78], [82, 83], [82, 98], [83, 84], [83, 85], [89, 90], [89, 91], [91, 92], [91, 93], [95, 82], [95, 96], [106, 109], [110, 111], [110, 113], [115, 116], [115, 122], [116, 115], [116, 117], [132, 133], [142, 143], [159, 160], [177, 178], [177, 181], [204, 205], [204, 206], [217, 218], [217, 219], [219, 220], [219, 221], [237, 238], [237, 240], [305, 306], [313, 314], [355, 358], [365, 367], [389, 390], [435, 436], [435, 438], [470, 471], [520, 521], [520, 529], [521, 520], [521, 522], [523, 524], [523, 526], [534, 535], [534, 538], [549, 550], [549, 553], [605, 607], [610, 611]], "functions": {"_ensure_db_ready": {"executed_lines": [41, 42, 45, 46], "summary": {"covered_lines": 4, "num_statements": 8, "percent_covered": 50.0, "percent_covered_display": "50", "missing_lines": 4, "excluded_lines": 0, "percent_statements_covered": 50.0, "percent_statements_covered_display": "50", "num_branches": 0, "num_partial_branches": 0, "covered_branches": 0, "missing_branches": 0, "percent_branches_covered": 100.0, "percent_branches_covered_display": "100"}, "missing_lines": [43, 44, 47, 48], "excluded_lines": [], "start_line": 39, "executed_branches": [], "missing_branches": []}, "get_db_connection": {"executed_lines": [53, 54, 55], "summary": {"covered_lines": 3, "num_statements": 3, "percent_covered": 100.0, "percent_covered_display": "100", "missing_lines": 0, "excluded_lines": 0, "percent_statements_covered": 100.0, "percent_statements_covered_display": "100", "num_branches": 0, "num_partial_branches": 0, "covered_branches": 0, "missing_branches": 0, "percent_branches_covered": 100.0, "percent_branches_covered_display": "100"}, "missing_lines": [], "excluded_lines": [], "start_line": 51, "executed_branches": [], "missing_branches": []}, "serve_images": {"executed_lines": [], "summary": {"covered_lines": 0, "num_statements": 1, "percent_covered": 0.0, "percent_covered_display": "0", "missing_lines": 1, "excluded_lines": 0, "percent_statements_covered": 0.0, "percent_statements_covered_display": "0", "num_branches": 0, "num_partial_branches": 0, "covered_branches": 0, "missing_branches": 0, "percent_branches_covered": 100.0, "percent_branches_covered_display": "100"}, "missing_lines": [60], "excluded_lines": [], "start_line": 59, "executed_branches": [], "missing_branches": []}, "_safe_str": {"executed_lines": [64], "summary": {"covered_lines": 1, "num_statements": 1, "percent_covered": 100.0, "percent_covered_display": "100", "missing_lines": 0, "excluded_lines": 0, "percent_statements_covered": 100.0, "percent_statements_covered_display": "100", "num_branches": 0, "num_partial_branches": 0, "covered_branches": 0, "missing_branches": 0, "percent_branches_covered": 100.0, "percent_branches_covered_display": "100"}, "missing_lines": [], "excluded_lines": [], "start_line": 63, "executed_branches": [], "missing_branches": []}, "_parse_ids_param": {"executed_lines": [], "summary": {"covered_lines": 0, "num_statements": 24, "percent_covered": 0.0, "percent_covered_display": "0", "missing_lines": 24, "excluded_lines": 0, "percent_statements_covered": 0.0, "percent_statements_covered_display": "0", "num_branches": 14, "num_partial_branches": 0, "covered_branches": 0, "missing_branches": 14, "percent_branches_covered": 0.0, "percent_branches_covered_display": "0"}, "missing_lines": [72, 73, 74, 75, 76, 78, 79, 80, 82, 83, 84, 85, 86, 87, 88, 89, 90, 91, 92, 93, 94, 95, 96, 98], "excluded_lines": [], "start_line": 67, "executed_branches": [], "missing_branches": [[72, 73], [72, 74], [75, 76], [75, 78], [82, 83], [82, 98], [83, 84], [83, 85], [89, 90], [89, 91], [91, 92], [91, 93], [95, 82], [95, 96]]}, "_load_images_for_item": {"executed_lines": [105, 106, 107], "summary": {"covered_lines": 3, "num_statements": 15, "percent_covered": 17.391304347826086, "percent_covered_display": "17", "missing_lines": 12, "excluded_lines": 0, "percent_statements_covered": 20.0, "percent_statements_covered_display": "20", "num_branches": 8, "num_partial_branches": 1, "covered_branches": 1, "missing_branches": 7, "percent_branches_covered": 12.5, "percent_branches_covered_display": "12"}, "missing_lines": [109, 110, 111, 113, 114, 115, 116, 117, 118, 119, 122, 123], "excluded_lines": [], "start_line": 101, "executed_branches": [[106, 107]], "missing_branches": [[106, 109], [110, 111], [110, 113], [115, 116], [115, 122], [116, 115], [116, 117]]}, "_is_local_request": {"executed_lines": [127, 128], "summary": {"covered_lines": 2, "num_statements": 2, "percent_covered": 100.0, "percent_covered_display": "100", "missing_lines": 0, "excluded_lines": 0, "percent_statements_covered": 100.0, "percent_statements_covered_display": "100", "num_branches": 0, "num_partial_branches": 0, "covered_branches": 0, "missing_branches": 0, "percent_branches_covered": 100.0, "percent_branches_covered_display": "100"}, "missing_lines": [], "excluded_lines": [], "start_line": 126, "executed_branches": [], "missing_branches": []}, "_require_admin_local": {"executed_lines": [132], "summary": {"covered_lines": 1, "num_statements": 2, "percent_covered": 50.0, "percent_covered_display": "50", "missing_lines": 1, "excluded_lines": 0, "percent_statements_covered": 50.0, "percent_statements_covered_display": "50", "num_branches": 2, "num_partial_branches": 1, "covered_branches": 1, "missing_branches": 1, "percent_branches_covered": 50.0, "percent_branches_covered_display": "50"}, "missing_lines": [133], "excluded_lines": [], "start_line": 131, "executed_branches": [[132, -131]], "missing_branches": [[132, 133]]}, "_api_base_url": {"executed_lines": [], "summary": {"covered_lines": 0, "num_statements": 1, "percent_covered": 0.0, "percent_covered_display": "0", "missing_lines": 1, "excluded_lines": 0, "percent_statements_covered": 0.0, "percent_statements_covered_display": "0", "num_branches": 0, "num_partial_branches": 0, "covered_branches": 0, "missing_branches": 0, "percent_branches_covered": 100.0, "percent_branches_covered_display": "100"}, "missing_lines": [137], "excluded_lines": [], "start_line": 136, "executed_branches": [], "missing_branches": []}, "_api_key": {"executed_lines": [141, 142, 144], "summary": {"covered_lines": 3, "num_statements": 4, "percent_covered": 66.66666666666667, "percent_covered_display": "67", "missing_lines": 1, "excluded_lines": 0, "percent_statements_covered": 75.0, "percent_statements_covered_display": "75", "num_branches": 2, "num_partial_branches": 1, "covered_branches": 1, "missing_branches": 1, "percent_branches_covered": 50.0, "percent_branches_covered_display": "50"}, "missing_lines": [143], "excluded_lines": [], "start_line": 140, "executed_branches": [[142, 144]], "missing_branches": [[142, 143]]}, "_api_headers": {"executed_lines": [], "summary": {"covered_lines": 0, "num_statements": 1, "percent_covered": 0.0, "percent_covered_display": "0", "missing_lines": 1, "excluded_lines": 0, "percent_statements_covered": 0.0, "percent_statements_covered_display": "0", "num_branches": 0, "num_partial_branches": 0, "covered_branches": 0, "missing_branches": 0, "percent_branches_covered": 100.0, "percent_branches_covered_display": "100"}, "missing_lines": [148], "excluded_lines": [], "start_line": 147, "executed_branches": [], "missing_branches": []}, "_allow_local_noauth": {"executed_lines": [152], "summary": {"covered_lines": 1, "num_statements": 1, "percent_covered": 100.0, "percent_covered_display": "100", "missing_lines": 0, "excluded_lines": 0, "percent_statements_covered": 100.0, "percent_statements_covered_display": "100", "num_branches": 0, "num_partial_branches": 0, "covered_branches": 0, "missing_branches": 0, "percent_branches_covered": 100.0, "percent_branches_covered_display": "100"}, "missing_lines": [], "excluded_lines": [], "start_line": 151, "executed_branches": [], "missing_branches": []}, "_require_api_key": {"executed_lines": [159, 161, 162, 163], "summary": {"covered_lines": 4, "num_statements": 5, "percent_covered": 77.77777777777777, "percent_covered_display": "78", "missing_lines": 1, "excluded_lines": 0, "percent_statements_covered": 80.0, "percent_statements_covered_display": "80", "num_branches": 4, "num_partial_branches": 1, "covered_branches": 3, "missing_branches": 1, "percent_branches_covered": 75.0, "percent_branches_covered_display": "75"}, "missing_lines": [160], "excluded_lines": [], "start_line": 155, "executed_branches": [[159, 161], [162, -155], [162, 163]], "missing_branches": [[159, 160]]}, "_http_request": {"executed_lines": [], "summary": {"covered_lines": 0, "num_statements": 33, "percent_covered": 0.0, "percent_covered_display": "0", "missing_lines": 33, "excluded_lines": 0, "percent_statements_covered": 0.0, "percent_statements_covered_display": "0", "num_branches": 4, "num_partial_branches": 0, "covered_branches": 0, "missing_branches": 4, "percent_branches_covered": 0.0, "percent_branches_covered_display": "0"}, "missing_lines": [171, 172, 174, 175, 177, 178, 179, 181, 183, 184, 185, 186, 187, 188, 189, 190, 192, 194, 195, 196, 197, 198, 199, 200, 201, 203, 204, 205, 206, 208, 209, 211, 212], "excluded_lines": [], "start_line": 166, "executed_branches": [], "missing_branches": [[177, 178], [177, 181], [204, 205], [204, 206]]}, "_pretty_json": {"executed_lines": [], "summary": {"covered_lines": 0, "num_statements": 10, "percent_covered": 0.0, "percent_covered_display": "0", "missing_lines": 10, "excluded_lines": 0, "percent_statements_covered": 0.0, "percent_statements_covered_display": "0", "num_branches": 4, "num_partial_branches": 0, "covered_branches": 0, "missing_branches": 4, "percent_branches_covered": 0.0, "percent_branches_covered_display": "0"}, "missing_lines": [216, 217, 218, 219, 220, 221, 222, 223, 224, 225], "excluded_lines": [], "start_line": 215, "executed_branches": [], "missing_branches": [[217, 218], [217, 219], [219, 220], [219, 221]]}, "_admin_api_error_response": {"executed_lines": [], "summary": {"covered_lines": 0, "num_statements": 7, "percent_covered": 0.0, "percent_covered_display": "0", "missing_lines": 7, "excluded_lines": 0, "percent_statements_covered": 0.0, "percent_statements_covered_display": "0", "num_branches": 2, "num_partial_branches": 0, "covered_branches": 0, "missing_branches": 2, "percent_branches_covered": 0.0, "percent_branches_covered_display": "0"}, "missing_lines": [233, 235, 237, 238, 240, 242, 282], "excluded_lines": [], "start_line": 228, "executed_branches": [], "missing_branches": [[237, 238], [237, 240]]}, "index": {"executed_lines": [294, 295, 298, 299, 300, 303, 304, 305, 307, 309, 310, 311, 313, 316, 318, 319, 332, 333, 334, 336, 337, 339, 340, 341, 342, 343, 344, 345, 347, 348, 350, 353, 355, 356, 358, 359, 362, 363, 364, 365, 366, 370, 371, 372, 375, 382, 383, 384, 385, 386, 389, 393, 395, 397, 398, 400], "summary": {"covered_lines": 56, "num_statements": 61, "percent_covered": 87.65432098765432, "percent_covered_display": "88", "missing_lines": 5, "excluded_lines": 0, "percent_statements_covered": 91.80327868852459, "percent_statements_covered_display": "92", "num_branches": 20, "num_partial_branches": 5, "covered_branches": 15, "missing_branches": 5, "percent_branches_covered": 75.0, "percent_branches_covered_display": "75"}, "missing_lines": [306, 314, 367, 390, 391], "excluded_lines": [], "start_line": 286, "executed_branches": [[305, 307], [313, 316], [333, 334], [333, 353], [355, 356], [358, 359], [358, 362], [363, 364], [363, 370], [365, 366], [371, 372], [371, 375], [383, 384], [383, 389], [389, 393]], "missing_branches": [[305, 306], [313, 314], [355, 358], [365, 367], [389, 390]]}, "item_detail": {"executed_lines": [], "summary": {"covered_lines": 0, "num_statements": 19, "percent_covered": 0.0, "percent_covered_display": "0", "missing_lines": 19, "excluded_lines": 0, "percent_statements_covered": 0.0, "percent_statements_covered_display": "0", "num_branches": 2, "num_partial_branches": 0, "covered_branches": 0, "missing_branches": 2, "percent_branches_covered": 0.0, "percent_branches_covered_display": "0"}, "missing_lines": [429, 431, 432, 433, 435, 436, 438, 440, 441, 442, 444, 445, 446, 447, 448, 449, 451, 452, 454], "excluded_lines": [], "start_line": 424, "executed_branches": [], "missing_branches": [[435, 436], [435, 438]]}, "admin_edit_item": {"executed_lines": [463, 465, 467, 468, 469, 470, 473, 475, 476, 477, 479, 480, 481, 482, 483, 484, 486, 487, 489], "summary": {"covered_lines": 19, "num_statements": 20, "percent_covered": 90.9090909090909, "percent_covered_display": "91", "missing_lines": 1, "excluded_lines": 0, "percent_statements_covered": 95.0, "percent_statements_covered_display": "95", "num_branches": 2, "num_partial_branches": 1, "covered_branches": 1, "missing_branches": 1, "percent_branches_covered": 50.0, "percent_branches_covered_display": "50"}, "missing_lines": [471], "excluded_lines": [], "start_line": 462, "executed_branches": [[470, 473]], "missing_branches": [[470, 471]]}, "admin_save_item": {"executed_lines": [], "summary": {"covered_lines": 0, "num_statements": 17, "percent_covered": 0.0, "percent_covered_display": "0", "missing_lines": 17, "excluded_lines": 0, "percent_statements_covered": 0.0, "percent_statements_covered_display": "0", "num_branches": 8, "num_partial_branches": 0, "covered_branches": 0, "missing_branches": 8, "percent_branches_covered": 0.0, "percent_branches_covered_display": "0"}, "missing_lines": [500, 501, 503, 519, 520, 521, 522, 523, 524, 526, 529, 531, 532, 534, 535, 536, 538], "excluded_lines": [], "start_line": 499, "executed_branches": [], "missing_branches": [[520, 521], [520, 529], [521, 520], [521, 522], [523, 524], [523, 526], [534, 535], [534, 538]]}, "admin_delete_item": {"executed_lines": [], "summary": {"covered_lines": 0, "num_statements": 8, "percent_covered": 0.0, "percent_covered_display": "0", "missing_lines": 8, "excluded_lines": 0, "percent_statements_covered": 0.0, "percent_statements_covered_display": "0", "num_branches": 2, "num_partial_branches": 0, "covered_branches": 0, "missing_branches": 2, "percent_branches_covered": 0.0, "percent_branches_covered_display": "0"}, "missing_lines": [543, 544, 546, 547, 549, 550, 551, 553], "excluded_lines": [], "start_line": 542, "executed_branches": [], "missing_branches": [[549, 550], [549, 553]]}, "api_get_inventory": {"executed_lines": [559, 560, 562, 563, 567, 568, 569, 570, 571, 583, 584, 585, 586, 588, 589, 590, 591, 593, 595], "summary": {"covered_lines": 19, "num_statements": 21, "percent_covered": 92.0, "percent_covered_display": "92", "missing_lines": 2, "excluded_lines": 0, "percent_statements_covered": 90.47619047619048, "percent_statements_covered_display": "90", "num_branches": 4, "num_partial_branches": 0, "covered_branches": 4, "missing_branches": 0, "percent_branches_covered": 100.0, "percent_branches_covered_display": "100"}, "missing_lines": [564, 565], "excluded_lines": [], "start_line": 558, "executed_branches": [[584, 585], [584, 589], [585, 586], [585, 588]], "missing_branches": []}, "api_get_item_detail": {"executed_lines": [600, 601, 602, 603, 604, 605, 606], "summary": {"covered_lines": 7, "num_statements": 8, "percent_covered": 80.0, "percent_covered_display": "80", "missing_lines": 1, "excluded_lines": 0, "percent_statements_covered": 87.5, "percent_statements_covered_display": "88", "num_branches": 2, "num_partial_branches": 1, "covered_branches": 1, "missing_branches": 1, "percent_branches_covered": 50.0, "percent_branches_covered_display": "50"}, "missing_lines": [607], "excluded_lines": [], "start_line": 599, "executed_branches": [[605, 606]], "missing_branches": [[605, 607]]}, "": {"executed_lines": [2, 4, 5, 6, 7, 8, 9, 10, 12, 23, 24, 25, 28, 30, 31, 33, 35, 36, 39, 51, 58, 59, 63, 67, 101, 126, 131, 136, 140, 147, 151, 155, 166, 215, 228, 285, 286, 423, 424, 461, 462, 498, 499, 541, 542, 557, 558, 598, 599, 610], "summary": {"covered_lines": 50, "num_statements": 51, "percent_covered": 96.22641509433963, "percent_covered_display": "96", "missing_lines": 1, "excluded_lines": 0, "percent_statements_covered": 98.03921568627452, "percent_statements_covered_display": "98", "num_branches": 2, "num_partial_branches": 1, "covered_branches": 1, "missing_branches": 1, "percent_branches_covered": 50.0, "percent_branches_covered_display": "50"}, "missing_lines": [611], "excluded_lines": [], "start_line": 1, "executed_branches": [[610, -1]], "missing_branches": [[610, 611]]}}, "classes": {"": {"executed_lines": [2, 4, 5, 6, 7, 8, 9, 10, 12, 23, 24, 25, 28, 30, 31, 33, 35, 36, 39, 41, 42, 45, 46, 51, 53, 54, 55, 58, 59, 63, 64, 67, 101, 105, 106, 107, 126, 127, 128, 131, 132, 136, 140, 141, 142, 144, 147, 151, 152, 155, 159, 161, 162, 163, 166, 215, 228, 285, 286, 294, 295, 298, 299, 300, 303, 304, 305, 307, 309, 310, 311, 313, 316, 318, 319, 332, 333, 334, 336, 337, 339, 340, 341, 342, 343, 344, 345, 347, 348, 350, 353, 355, 356, 358, 359, 362, 363, 364, 365, 366, 370, 371, 372, 375, 382, 383, 384, 385, 386, 389, 393, 395, 397, 398, 400, 423, 424, 461, 462, 463, 465, 467, 468, 469, 470, 473, 475, 476, 477, 479, 480, 481, 482, 483, 484, 486, 487, 489, 498, 499, 541, 542, 557, 558, 559, 560, 562, 563, 567, 568, 569, 570, 571, 583, 584, 585, 586, 588, 589, 590, 591, 593, 595, 598, 599, 600, 601, 602, 603, 604, 605, 606, 610], "summary": {"covered_lines": 173, "num_statements": 323, "percent_covered": 49.629629629629626, "percent_covered_display": "50", "missing_lines": 150, "excluded_lines": 0, "percent_statements_covered": 53.56037151702786, "percent_statements_covered_display": "54", "num_branches": 82, "num_partial_branches": 12, "covered_branches": 28, "missing_branches": 54, "percent_branches_covered": 34.146341463414636, "percent_branches_covered_display": "34"}, "missing_lines": [43, 44, 47, 48, 60, 72, 73, 74, 75, 76, 78, 79, 80, 82, 83, 84, 85, 86, 87, 88, 89, 90, 91, 92, 93, 94, 95, 96, 98, 109, 110, 111, 113, 114, 115, 116, 117, 118, 119, 122, 123, 133, 137, 143, 148, 160, 171, 172, 174, 175, 177, 178, 179, 181, 183, 184, 185, 186, 187, 188, 189, 190, 192, 194, 195, 196, 197, 198, 199, 200, 201, 203, 204, 205, 206, 208, 209, 211, 212, 216, 217, 218, 219, 220, 221, 222, 223, 224, 225, 233, 235, 237, 238, 240, 242, 282, 306, 314, 367, 390, 391, 429, 431, 432, 433, 435, 436, 438, 440, 441, 442, 444, 445, 446, 447, 448, 449, 451, 452, 454, 471, 500, 501, 503, 519, 520, 521, 522, 523, 524, 526, 529, 531, 532, 534, 535, 536, 538, 543, 544, 546, 547, 549, 550, 551, 553, 564, 565, 607, 611], "excluded_lines": [], "start_line": 1, "executed_branches": [[106, 107], [132, -131], [142, 144], [159, 161], [162, -155], [162, 163], [305, 307], [313, 316], [333, 334], [333, 353], [355, 356], [358, 359], [358, 362], [363, 364], [363, 370], [365, 366], [371, 372], [371, 375], [383, 384], [383, 389], [389, 393], [470, 473], [584, 585], [584, 589], [585, 586], [585, 588], [605, 606], [610, -1]], "missing_branches": [[72, 73], [72, 74], [75, 76], [75, 78], [82, 83], [82, 98], [83, 84], [83, 85], [89, 90], [89, 91], [91, 92], [91, 93], [95, 82], [95, 96], [106, 109], [110, 111], [110, 113], [115, 116], [115, 122], [116, 115], [116, 117], [132, 133], [142, 143], [159, 160], [177, 178], [177, 181], [204, 205], [204, 206], [217, 218], [217, 219], [219, 220], [219, 221], [237, 238], [237, 240], [305, 306], [313, 314], [355, 358], [365, 367], [389, 390], [435, 436], [435, 438], [470, 471], [520, 521], [520, 529], [521, 520], [521, 522], [523, 524], [523, 526], [534, 535], [534, 538], [549, 550], [549, 553], [605, 607], [610, 611]]}}}}, "totals": {"covered_lines": 1283, "num_statements": 2641, "percent_covered": 45.91381872213967, "percent_covered_display": "46", "missing_lines": 1358, "excluded_lines": 0, "percent_statements_covered": 48.58008330177963, "percent_statements_covered_display": "49", "num_branches": 724, "num_partial_branches": 144, "covered_branches": 262, "missing_branches": 462, "percent_branches_covered": 36.187845303867405, "percent_branches_covered_display": "36"}}